Reading netlist file: "C:\Users\hankg\OneDrive\Works\Gowin\dual_ov5640\impl\gwsynthesis\dual_5640.vg"
Parsing netlist file "C:\Users\hankg\OneDrive\Works\Gowin\dual_ov5640\impl\gwsynthesis\dual_5640.vg" completed
Processing netlist completed
Reading constraint file: "C:\Users\hankg\OneDrive\Works\Gowin\dual_ov5640\src\dual_5640.cst"
Physical Constraint parsed completed
Running placement......
[10%] Placement Phase 0 completed
[20%] Placement Phase 1 completed
[30%] Placement Phase 2 completed
[50%] Placement Phase 3 completed
Running routing......
[60%] Routing Phase 0 completed
[70%] Routing Phase 1 completed
[80%] Routing Phase 2 completed
WARN  (PR1014) : Generic routing resource will be used to clock signal 'cam1_pclk_d' by the specified constraint. And then it may lead to the excessive delay or skew
WARN  (PR1014) : Generic routing resource will be used to clock signal 'cam0_pclk_d' by the specified constraint. And then it may lead to the excessive delay or skew
[90%] Routing Phase 3 completed
Running timing analysis......
[95%] Timing analysis completed
Placement and routing completed
Bitstream generation in progress......
Bitstream generation completed
Running power analysis......
[100%] Power analysis completed
Generate file "C:\Users\hankg\OneDrive\Works\Gowin\dual_ov5640\impl\pnr\dual_5640.power.html" completed
Generate file "C:\Users\hankg\OneDrive\Works\Gowin\dual_ov5640\impl\pnr\dual_5640.pin.html" completed
Generate file "C:\Users\hankg\OneDrive\Works\Gowin\dual_ov5640\impl\pnr\dual_5640.rpt.html" completed
Generate file "C:\Users\hankg\OneDrive\Works\Gowin\dual_ov5640\impl\pnr\dual_5640.rpt.txt" completed
Generate file "C:\Users\hankg\OneDrive\Works\Gowin\dual_ov5640\impl\pnr\dual_5640.tr.html" completed
Thu Oct 21 22:13:58 2021

