GowinSynthesis start
Running parser ...
Analyzing Verilog file 'C:\Users\hankg\OneDrive\Works\Gowin\Cortex-M3-DualCam\src\Cortex_M3_DualCam.v'
Analyzing Verilog file 'C:\Users\hankg\OneDrive\Works\Gowin\Cortex-M3-DualCam\src\ahb_multiple.v'
Analyzing Verilog file 'C:\Users\hankg\OneDrive\Works\Gowin\Cortex-M3-DualCam\src\apb2_decoder.v'
Analyzing Verilog file 'C:\Users\hankg\OneDrive\Works\Gowin\Cortex-M3-DualCam\src\apb_multiple.v'
Analyzing Verilog file 'C:\Users\hankg\OneDrive\Works\Gowin\Cortex-M3-DualCam\src\cmos_add.v'
Undeclared symbol 'empty', assumed default net type 'wire'("C:\Users\hankg\OneDrive\Works\Gowin\Cortex-M3-DualCam\src\cmos_add.v":56)
Analyzing Verilog file 'C:\Users\hankg\OneDrive\Works\Gowin\Cortex-M3-DualCam\src\cmos_rpll\cmos_rpll.v'
Analyzing Verilog file 'C:\Users\hankg\OneDrive\Works\Gowin\Cortex-M3-DualCam\src\ddr3_memory_interface\ddr3_memory_interface.v'
Analyzing Verilog file 'C:\Users\hankg\OneDrive\Works\Gowin\Cortex-M3-DualCam\src\ddr_rpll\ddr_rpll.v'
Analyzing Verilog file 'C:\Users\hankg\OneDrive\Works\Gowin\Cortex-M3-DualCam\src\dual_ov5640_lcd.v'
Analyzing Verilog file 'C:\Users\hankg\OneDrive\Works\Gowin\Cortex-M3-DualCam\src\dvi_tx\dvi_tx.v'
Analyzing Verilog file 'C:\Users\hankg\OneDrive\Works\Gowin\Cortex-M3-DualCam\src\fifo_ping\fifo_ping.v'
Analyzing Verilog file 'C:\Users\hankg\OneDrive\Works\Gowin\Cortex-M3-DualCam\src\fifo_pong\fifo_pong.v'
Analyzing Verilog file 'C:\Users\hankg\OneDrive\Works\Gowin\Cortex-M3-DualCam\src\gowin_clkdiv\gowin_clkdiv.v'
Analyzing Verilog file 'C:\Users\hankg\OneDrive\Works\Gowin\Cortex-M3-DualCam\src\gowin_empu_m3\gowin_empu_m3.v'
Analyzing Verilog file 'C:\Users\hankg\OneDrive\Works\Gowin\Cortex-M3-DualCam\src\gowin_empu_m3_template.v'
Analyzing Verilog file 'C:\Users\hankg\OneDrive\Works\Gowin\Cortex-M3-DualCam\src\gowin_rpll\gowin_rpll.v'
Analyzing Verilog file 'C:\Users\hankg\OneDrive\Works\Gowin\Cortex-M3-DualCam\src\hdmi_rpll\hdmi_rpll.v'
Analyzing Verilog file 'C:\Users\hankg\OneDrive\Works\Gowin\Cortex-M3-DualCam\src\ov5640\OV5640_capture_data.v'
Analyzing Verilog file 'C:\Users\hankg\OneDrive\Works\Gowin\Cortex-M3-DualCam\src\ov5640\i2c_dri.v'
Analyzing Verilog file 'C:\Users\hankg\OneDrive\Works\Gowin\Cortex-M3-DualCam\src\ov5640\i2c_ov5640_rgb565_cfg.v'
Analyzing Verilog file 'C:\Users\hankg\OneDrive\Works\Gowin\Cortex-M3-DualCam\src\ov5640\ov5640_dri.v'
Analyzing Verilog file 'C:\Users\hankg\OneDrive\Works\Gowin\Cortex-M3-DualCam\src\ov5640\picture_size.v'
Analyzing Verilog file 'C:\Users\hankg\OneDrive\Works\Gowin\Cortex-M3-DualCam\src\rpll_cpu\rpll_cpu.v'
Analyzing Verilog file 'C:\Users\hankg\OneDrive\Works\Gowin\Cortex-M3-DualCam\src\syn_code\syn_gen.v'
Analyzing Verilog file 'C:\Users\hankg\OneDrive\Works\Gowin\Cortex-M3-DualCam\src\video_frame_buffer\video_frame_buffer.v'
Analyzing Verilog file 'C:\Users\hankg\OneDrive\Works\Gowin\Cortex-M3-DualCam\src\video_rpll\video_rpll.v'
WARN  (EX3073) : Port 'SCL' remains unconnected for this instance("C:\Users\hankg\OneDrive\Works\Gowin\Cortex-M3-DualCam\src\Cortex_M3_DualCam.v":78)
WARN  (EX2565) : Port 'MISO' is not connected on this instance("C:\Users\hankg\OneDrive\Works\Gowin\Cortex-M3-DualCam\src\Cortex_M3_DualCam.v":78)
Compiling module 'Cortex_M3_DualCam'("C:\Users\hankg\OneDrive\Works\Gowin\Cortex-M3-DualCam\src\Cortex_M3_DualCam.v":1)
WARN  (EX3073) : Port 'JTAG_3' remains unconnected for this instance("C:\Users\hankg\OneDrive\Works\Gowin\Cortex-M3-DualCam\src\gowin_empu_m3_template.v":96)
WARN  (EX2565) : Port 'APB2PRDATA' is not connected on this instance("C:\Users\hankg\OneDrive\Works\Gowin\Cortex-M3-DualCam\src\gowin_empu_m3_template.v":96)
WARN  (EX2565) : Port 'APB2PREADY' is not connected on this instance("C:\Users\hankg\OneDrive\Works\Gowin\Cortex-M3-DualCam\src\gowin_empu_m3_template.v":96)
WARN  (EX2565) : Port 'APB2PSLVERR' is not connected on this instance("C:\Users\hankg\OneDrive\Works\Gowin\Cortex-M3-DualCam\src\gowin_empu_m3_template.v":96)
WARN  (EX2565) : Port 'AHB2HRDATA' is not connected on this instance("C:\Users\hankg\OneDrive\Works\Gowin\Cortex-M3-DualCam\src\gowin_empu_m3_template.v":96)
WARN  (EX2565) : Port 'AHB2HREADYOUT' is not connected on this instance("C:\Users\hankg\OneDrive\Works\Gowin\Cortex-M3-DualCam\src\gowin_empu_m3_template.v":96)
WARN  (EX2565) : Port 'AHB2HRESP' is not connected on this instance("C:\Users\hankg\OneDrive\Works\Gowin\Cortex-M3-DualCam\src\gowin_empu_m3_template.v":96)
Compiling module 'Gowin_EMPU_M3_template'("C:\Users\hankg\OneDrive\Works\Gowin\Cortex-M3-DualCam\src\gowin_empu_m3_template.v":4)
Compiling module 'Gowin_rPLL'("C:\Users\hankg\OneDrive\Works\Gowin\Cortex-M3-DualCam\src\gowin_rpll\gowin_rpll.v":9)
Compiling module 'Gowin_EMPU_M3_Top'("C:\Users\hankg\OneDrive\Works\Gowin\Cortex-M3-DualCam\src\gowin_empu_m3\gowin_empu_m3.v":157887)
Compiling module '**'("C:\Users\hankg\OneDrive\Works\Gowin\Cortex-M3-DualCam\src\gowin_empu_m3\gowin_empu_m3.v":0)
Compiling module '**'("C:\Users\hankg\OneDrive\Works\Gowin\Cortex-M3-DualCam\src\gowin_empu_m3\gowin_empu_m3.v":0)
Compiling module '**'("C:\Users\hankg\OneDrive\Works\Gowin\Cortex-M3-DualCam\src\gowin_empu_m3\gowin_empu_m3.v":0)
Compiling module '**'("C:\Users\hankg\OneDrive\Works\Gowin\Cortex-M3-DualCam\src\gowin_empu_m3\gowin_empu_m3.v":0)
Compiling module '**'("C:\Users\hankg\OneDrive\Works\Gowin\Cortex-M3-DualCam\src\gowin_empu_m3\gowin_empu_m3.v":0)
Compiling module '**'("C:\Users\hankg\OneDrive\Works\Gowin\Cortex-M3-DualCam\src\gowin_empu_m3\gowin_empu_m3.v":0)
Compiling module '**'("C:\Users\hankg\OneDrive\Works\Gowin\Cortex-M3-DualCam\src\gowin_empu_m3\gowin_empu_m3.v":0)
Compiling module '**'("C:\Users\hankg\OneDrive\Works\Gowin\Cortex-M3-DualCam\src\gowin_empu_m3\gowin_empu_m3.v":0)
Compiling module '**'("C:\Users\hankg\OneDrive\Works\Gowin\Cortex-M3-DualCam\src\gowin_empu_m3\gowin_empu_m3.v":0)
Compiling module '**'("C:\Users\hankg\OneDrive\Works\Gowin\Cortex-M3-DualCam\src\gowin_empu_m3\gowin_empu_m3.v":0)
Compiling module '**'("C:\Users\hankg\OneDrive\Works\Gowin\Cortex-M3-DualCam\src\gowin_empu_m3\gowin_empu_m3.v":0)
Compiling module '**'("C:\Users\hankg\OneDrive\Works\Gowin\Cortex-M3-DualCam\src\gowin_empu_m3\gowin_empu_m3.v":0)
Compiling module '**'("C:\Users\hankg\OneDrive\Works\Gowin\Cortex-M3-DualCam\src\gowin_empu_m3\gowin_empu_m3.v":0)
Compiling module '**'("C:\Users\hankg\OneDrive\Works\Gowin\Cortex-M3-DualCam\src\gowin_empu_m3\gowin_empu_m3.v":0)
Compiling module '**'("C:\Users\hankg\OneDrive\Works\Gowin\Cortex-M3-DualCam\src\gowin_empu_m3\gowin_empu_m3.v":0)
Compiling module '**'("C:\Users\hankg\OneDrive\Works\Gowin\Cortex-M3-DualCam\src\gowin_empu_m3\gowin_empu_m3.v":0)
Compiling module '**'("C:\Users\hankg\OneDrive\Works\Gowin\Cortex-M3-DualCam\src\gowin_empu_m3\gowin_empu_m3.v":0)
Compiling module '**'("C:\Users\hankg\OneDrive\Works\Gowin\Cortex-M3-DualCam\src\gowin_empu_m3\gowin_empu_m3.v":0)
Compiling module '**'("C:\Users\hankg\OneDrive\Works\Gowin\Cortex-M3-DualCam\src\gowin_empu_m3\gowin_empu_m3.v":0)
Compiling module '**'("C:\Users\hankg\OneDrive\Works\Gowin\Cortex-M3-DualCam\src\gowin_empu_m3\gowin_empu_m3.v":0)
Compiling module '**'("C:\Users\hankg\OneDrive\Works\Gowin\Cortex-M3-DualCam\src\gowin_empu_m3\gowin_empu_m3.v":0)
Compiling module '**'("C:\Users\hankg\OneDrive\Works\Gowin\Cortex-M3-DualCam\src\gowin_empu_m3\gowin_empu_m3.v":0)
Compiling module '**'("C:\Users\hankg\OneDrive\Works\Gowin\Cortex-M3-DualCam\src\gowin_empu_m3\gowin_empu_m3.v":0)
Compiling module '**'("C:\Users\hankg\OneDrive\Works\Gowin\Cortex-M3-DualCam\src\gowin_empu_m3\gowin_empu_m3.v":0)
Compiling module '**'("C:\Users\hankg\OneDrive\Works\Gowin\Cortex-M3-DualCam\src\gowin_empu_m3\gowin_empu_m3.v":0)
Compiling module '**'("C:\Users\hankg\OneDrive\Works\Gowin\Cortex-M3-DualCam\src\gowin_empu_m3\gowin_empu_m3.v":0)
Compiling module '**'("C:\Users\hankg\OneDrive\Works\Gowin\Cortex-M3-DualCam\src\gowin_empu_m3\gowin_empu_m3.v":0)
Compiling module '**'("C:\Users\hankg\OneDrive\Works\Gowin\Cortex-M3-DualCam\src\gowin_empu_m3\gowin_empu_m3.v":0)
Compiling module '**'("C:\Users\hankg\OneDrive\Works\Gowin\Cortex-M3-DualCam\src\gowin_empu_m3\gowin_empu_m3.v":0)
Compiling module '**'("C:\Users\hankg\OneDrive\Works\Gowin\Cortex-M3-DualCam\src\gowin_empu_m3\gowin_empu_m3.v":0)
Compiling module '**'("C:\Users\hankg\OneDrive\Works\Gowin\Cortex-M3-DualCam\src\gowin_empu_m3\gowin_empu_m3.v":0)
Compiling module '**'("C:\Users\hankg\OneDrive\Works\Gowin\Cortex-M3-DualCam\src\gowin_empu_m3\gowin_empu_m3.v":0)
Compiling module '**'("C:\Users\hankg\OneDrive\Works\Gowin\Cortex-M3-DualCam\src\gowin_empu_m3\gowin_empu_m3.v":0)
Compiling module '**'("C:\Users\hankg\OneDrive\Works\Gowin\Cortex-M3-DualCam\src\gowin_empu_m3\gowin_empu_m3.v":0)
Compiling module '**'("C:\Users\hankg\OneDrive\Works\Gowin\Cortex-M3-DualCam\src\gowin_empu_m3\gowin_empu_m3.v":0)
Compiling module '**'("C:\Users\hankg\OneDrive\Works\Gowin\Cortex-M3-DualCam\src\gowin_empu_m3\gowin_empu_m3.v":0)
Compiling module '**'("C:\Users\hankg\OneDrive\Works\Gowin\Cortex-M3-DualCam\src\gowin_empu_m3\gowin_empu_m3.v":0)
Compiling module '**'("C:\Users\hankg\OneDrive\Works\Gowin\Cortex-M3-DualCam\src\gowin_empu_m3\gowin_empu_m3.v":0)
Compiling module '**'("C:\Users\hankg\OneDrive\Works\Gowin\Cortex-M3-DualCam\src\gowin_empu_m3\gowin_empu_m3.v":0)
Compiling module '**'("C:\Users\hankg\OneDrive\Works\Gowin\Cortex-M3-DualCam\src\gowin_empu_m3\gowin_empu_m3.v":0)
Compiling module '**'("C:\Users\hankg\OneDrive\Works\Gowin\Cortex-M3-DualCam\src\gowin_empu_m3\gowin_empu_m3.v":0)
Compiling module '**'("C:\Users\hankg\OneDrive\Works\Gowin\Cortex-M3-DualCam\src\gowin_empu_m3\gowin_empu_m3.v":0)
Compiling module '**'("C:\Users\hankg\OneDrive\Works\Gowin\Cortex-M3-DualCam\src\gowin_empu_m3\gowin_empu_m3.v":0)
Compiling module '**'("C:\Users\hankg\OneDrive\Works\Gowin\Cortex-M3-DualCam\src\gowin_empu_m3\gowin_empu_m3.v":0)
Compiling module '**'("C:\Users\hankg\OneDrive\Works\Gowin\Cortex-M3-DualCam\src\gowin_empu_m3\gowin_empu_m3.v":0)
Compiling module '**'("C:\Users\hankg\OneDrive\Works\Gowin\Cortex-M3-DualCam\src\gowin_empu_m3\gowin_empu_m3.v":0)
Compiling module '**'("C:\Users\hankg\OneDrive\Works\Gowin\Cortex-M3-DualCam\src\gowin_empu_m3\gowin_empu_m3.v":0)
Compiling module '**'("C:\Users\hankg\OneDrive\Works\Gowin\Cortex-M3-DualCam\src\gowin_empu_m3\gowin_empu_m3.v":0)
Compiling module '**'("C:\Users\hankg\OneDrive\Works\Gowin\Cortex-M3-DualCam\src\gowin_empu_m3\gowin_empu_m3.v":0)
Compiling module '**'("C:\Users\hankg\OneDrive\Works\Gowin\Cortex-M3-DualCam\src\gowin_empu_m3\gowin_empu_m3.v":0)
Compiling module '**'("C:\Users\hankg\OneDrive\Works\Gowin\Cortex-M3-DualCam\src\gowin_empu_m3\gowin_empu_m3.v":0)
Compiling module '**'("C:\Users\hankg\OneDrive\Works\Gowin\Cortex-M3-DualCam\src\gowin_empu_m3\gowin_empu_m3.v":0)
Compiling module '**'("C:\Users\hankg\OneDrive\Works\Gowin\Cortex-M3-DualCam\src\gowin_empu_m3\gowin_empu_m3.v":0)
Compiling module '**'("C:\Users\hankg\OneDrive\Works\Gowin\Cortex-M3-DualCam\src\gowin_empu_m3\gowin_empu_m3.v":0)
Compiling module '**'("C:\Users\hankg\OneDrive\Works\Gowin\Cortex-M3-DualCam\src\gowin_empu_m3\gowin_empu_m3.v":0)
Compiling module '**'("C:\Users\hankg\OneDrive\Works\Gowin\Cortex-M3-DualCam\src\gowin_empu_m3\gowin_empu_m3.v":0)
Compiling module '**'("C:\Users\hankg\OneDrive\Works\Gowin\Cortex-M3-DualCam\src\gowin_empu_m3\gowin_empu_m3.v":0)
Compiling module '**'("C:\Users\hankg\OneDrive\Works\Gowin\Cortex-M3-DualCam\src\gowin_empu_m3\gowin_empu_m3.v":0)
Compiling module '**'("C:\Users\hankg\OneDrive\Works\Gowin\Cortex-M3-DualCam\src\gowin_empu_m3\gowin_empu_m3.v":0)
Compiling module '**'("C:\Users\hankg\OneDrive\Works\Gowin\Cortex-M3-DualCam\src\gowin_empu_m3\gowin_empu_m3.v":0)
Compiling module '**'("C:\Users\hankg\OneDrive\Works\Gowin\Cortex-M3-DualCam\src\gowin_empu_m3\gowin_empu_m3.v":0)
Compiling module '**'("C:\Users\hankg\OneDrive\Works\Gowin\Cortex-M3-DualCam\src\gowin_empu_m3\gowin_empu_m3.v":0)
Compiling module '**'("C:\Users\hankg\OneDrive\Works\Gowin\Cortex-M3-DualCam\src\gowin_empu_m3\gowin_empu_m3.v":0)
Compiling module '**'("C:\Users\hankg\OneDrive\Works\Gowin\Cortex-M3-DualCam\src\gowin_empu_m3\gowin_empu_m3.v":0)
Compiling module '**'("C:\Users\hankg\OneDrive\Works\Gowin\Cortex-M3-DualCam\src\gowin_empu_m3\gowin_empu_m3.v":0)
Compiling module '**'("C:\Users\hankg\OneDrive\Works\Gowin\Cortex-M3-DualCam\src\gowin_empu_m3\gowin_empu_m3.v":0)
Compiling module '**'("C:\Users\hankg\OneDrive\Works\Gowin\Cortex-M3-DualCam\src\gowin_empu_m3\gowin_empu_m3.v":0)
Compiling module '**'("C:\Users\hankg\OneDrive\Works\Gowin\Cortex-M3-DualCam\src\gowin_empu_m3\gowin_empu_m3.v":0)
Compiling module '**'("C:\Users\hankg\OneDrive\Works\Gowin\Cortex-M3-DualCam\src\gowin_empu_m3\gowin_empu_m3.v":0)
Compiling module '**'("C:\Users\hankg\OneDrive\Works\Gowin\Cortex-M3-DualCam\src\gowin_empu_m3\gowin_empu_m3.v":0)
Compiling module '**'("C:\Users\hankg\OneDrive\Works\Gowin\Cortex-M3-DualCam\src\gowin_empu_m3\gowin_empu_m3.v":0)
Compiling module '**'("C:\Users\hankg\OneDrive\Works\Gowin\Cortex-M3-DualCam\src\gowin_empu_m3\gowin_empu_m3.v":0)
Compiling module '**'("C:\Users\hankg\OneDrive\Works\Gowin\Cortex-M3-DualCam\src\gowin_empu_m3\gowin_empu_m3.v":0)
Compiling module '**'("C:\Users\hankg\OneDrive\Works\Gowin\Cortex-M3-DualCam\src\gowin_empu_m3\gowin_empu_m3.v":0)
Compiling module '**'("C:\Users\hankg\OneDrive\Works\Gowin\Cortex-M3-DualCam\src\gowin_empu_m3\gowin_empu_m3.v":0)
Compiling module '**'("C:\Users\hankg\OneDrive\Works\Gowin\Cortex-M3-DualCam\src\gowin_empu_m3\gowin_empu_m3.v":0)
Compiling module '**'("C:\Users\hankg\OneDrive\Works\Gowin\Cortex-M3-DualCam\src\gowin_empu_m3\gowin_empu_m3.v":0)
Compiling module '**'("C:\Users\hankg\OneDrive\Works\Gowin\Cortex-M3-DualCam\src\gowin_empu_m3\gowin_empu_m3.v":0)
Compiling module '**'("C:\Users\hankg\OneDrive\Works\Gowin\Cortex-M3-DualCam\src\gowin_empu_m3\gowin_empu_m3.v":0)
Compiling module '**'("C:\Users\hankg\OneDrive\Works\Gowin\Cortex-M3-DualCam\src\gowin_empu_m3\gowin_empu_m3.v":0)
Compiling module '**'("C:\Users\hankg\OneDrive\Works\Gowin\Cortex-M3-DualCam\src\gowin_empu_m3\gowin_empu_m3.v":0)
Compiling module '**'("C:\Users\hankg\OneDrive\Works\Gowin\Cortex-M3-DualCam\src\gowin_empu_m3\gowin_empu_m3.v":0)
Compiling module '**'("C:\Users\hankg\OneDrive\Works\Gowin\Cortex-M3-DualCam\src\gowin_empu_m3\gowin_empu_m3.v":0)
Compiling module '**'("C:\Users\hankg\OneDrive\Works\Gowin\Cortex-M3-DualCam\src\gowin_empu_m3\gowin_empu_m3.v":0)
Compiling module '**'("C:\Users\hankg\OneDrive\Works\Gowin\Cortex-M3-DualCam\src\gowin_empu_m3\gowin_empu_m3.v":0)
Compiling module '**'("C:\Users\hankg\OneDrive\Works\Gowin\Cortex-M3-DualCam\src\gowin_empu_m3\gowin_empu_m3.v":0)
Compiling module '**'("C:\Users\hankg\OneDrive\Works\Gowin\Cortex-M3-DualCam\src\gowin_empu_m3\gowin_empu_m3.v":0)
Compiling module '**'("C:\Users\hankg\OneDrive\Works\Gowin\Cortex-M3-DualCam\src\gowin_empu_m3\gowin_empu_m3.v":0)
Compiling module '**'("C:\Users\hankg\OneDrive\Works\Gowin\Cortex-M3-DualCam\src\gowin_empu_m3\gowin_empu_m3.v":0)
Compiling module '**'("C:\Users\hankg\OneDrive\Works\Gowin\Cortex-M3-DualCam\src\gowin_empu_m3\gowin_empu_m3.v":0)
Compiling module '**'("C:\Users\hankg\OneDrive\Works\Gowin\Cortex-M3-DualCam\src\gowin_empu_m3\gowin_empu_m3.v":0)
Compiling module '**'("C:\Users\hankg\OneDrive\Works\Gowin\Cortex-M3-DualCam\src\gowin_empu_m3\gowin_empu_m3.v":0)
Compiling module '**'("C:\Users\hankg\OneDrive\Works\Gowin\Cortex-M3-DualCam\src\gowin_empu_m3\gowin_empu_m3.v":0)
Compiling module '**'("C:\Users\hankg\OneDrive\Works\Gowin\Cortex-M3-DualCam\src\gowin_empu_m3\gowin_empu_m3.v":0)
Compiling module '**'("C:\Users\hankg\OneDrive\Works\Gowin\Cortex-M3-DualCam\src\gowin_empu_m3\gowin_empu_m3.v":0)
Compiling module '**'("C:\Users\hankg\OneDrive\Works\Gowin\Cortex-M3-DualCam\src\gowin_empu_m3\gowin_empu_m3.v":0)
Compiling module '**'("C:\Users\hankg\OneDrive\Works\Gowin\Cortex-M3-DualCam\src\gowin_empu_m3\gowin_empu_m3.v":0)
Compiling module '**'("C:\Users\hankg\OneDrive\Works\Gowin\Cortex-M3-DualCam\src\gowin_empu_m3\gowin_empu_m3.v":0)
Compiling module '**'("C:\Users\hankg\OneDrive\Works\Gowin\Cortex-M3-DualCam\src\gowin_empu_m3\gowin_empu_m3.v":0)
Compiling module '**'("C:\Users\hankg\OneDrive\Works\Gowin\Cortex-M3-DualCam\src\gowin_empu_m3\gowin_empu_m3.v":0)
Compiling module '**'("C:\Users\hankg\OneDrive\Works\Gowin\Cortex-M3-DualCam\src\gowin_empu_m3\gowin_empu_m3.v":0)
Compiling module '**'("C:\Users\hankg\OneDrive\Works\Gowin\Cortex-M3-DualCam\src\gowin_empu_m3\gowin_empu_m3.v":0)
Compiling module '**'("C:\Users\hankg\OneDrive\Works\Gowin\Cortex-M3-DualCam\src\gowin_empu_m3\gowin_empu_m3.v":0)
Compiling module '**'("C:\Users\hankg\OneDrive\Works\Gowin\Cortex-M3-DualCam\src\gowin_empu_m3\gowin_empu_m3.v":0)
Compiling module '**'("C:\Users\hankg\OneDrive\Works\Gowin\Cortex-M3-DualCam\src\gowin_empu_m3\gowin_empu_m3.v":0)
Compiling module '**'("C:\Users\hankg\OneDrive\Works\Gowin\Cortex-M3-DualCam\src\gowin_empu_m3\gowin_empu_m3.v":0)
Compiling module '**'("C:\Users\hankg\OneDrive\Works\Gowin\Cortex-M3-DualCam\src\gowin_empu_m3\gowin_empu_m3.v":0)
Compiling module '**'("C:\Users\hankg\OneDrive\Works\Gowin\Cortex-M3-DualCam\src\gowin_empu_m3\gowin_empu_m3.v":0)
Compiling module '**'("C:\Users\hankg\OneDrive\Works\Gowin\Cortex-M3-DualCam\src\gowin_empu_m3\gowin_empu_m3.v":0)
Compiling module '**'("C:\Users\hankg\OneDrive\Works\Gowin\Cortex-M3-DualCam\src\gowin_empu_m3\gowin_empu_m3.v":0)
Compiling module '**'("C:\Users\hankg\OneDrive\Works\Gowin\Cortex-M3-DualCam\src\gowin_empu_m3\gowin_empu_m3.v":0)
Compiling module '**'("C:\Users\hankg\OneDrive\Works\Gowin\Cortex-M3-DualCam\src\gowin_empu_m3\gowin_empu_m3.v":0)
Compiling module '**'("C:\Users\hankg\OneDrive\Works\Gowin\Cortex-M3-DualCam\src\gowin_empu_m3\gowin_empu_m3.v":0)
Compiling module '**'("C:\Users\hankg\OneDrive\Works\Gowin\Cortex-M3-DualCam\src\gowin_empu_m3\gowin_empu_m3.v":0)
Compiling module '**'("C:\Users\hankg\OneDrive\Works\Gowin\Cortex-M3-DualCam\src\gowin_empu_m3\gowin_empu_m3.v":0)
Compiling module '**'("C:\Users\hankg\OneDrive\Works\Gowin\Cortex-M3-DualCam\src\gowin_empu_m3\gowin_empu_m3.v":0)
Compiling module '**'("C:\Users\hankg\OneDrive\Works\Gowin\Cortex-M3-DualCam\src\gowin_empu_m3\gowin_empu_m3.v":0)
Compiling module '**'("C:\Users\hankg\OneDrive\Works\Gowin\Cortex-M3-DualCam\src\gowin_empu_m3\gowin_empu_m3.v":0)
Compiling module '**'("C:\Users\hankg\OneDrive\Works\Gowin\Cortex-M3-DualCam\src\gowin_empu_m3\gowin_empu_m3.v":0)
Compiling module '**'("C:\Users\hankg\OneDrive\Works\Gowin\Cortex-M3-DualCam\src\gowin_empu_m3\gowin_empu_m3.v":0)
Compiling module '**'("C:\Users\hankg\OneDrive\Works\Gowin\Cortex-M3-DualCam\src\gowin_empu_m3\gowin_empu_m3.v":0)
Compiling module '**'("C:\Users\hankg\OneDrive\Works\Gowin\Cortex-M3-DualCam\src\gowin_empu_m3\gowin_empu_m3.v":0)
Compiling module '**'("C:\Users\hankg\OneDrive\Works\Gowin\Cortex-M3-DualCam\src\gowin_empu_m3\gowin_empu_m3.v":0)
Compiling module '**'("C:\Users\hankg\OneDrive\Works\Gowin\Cortex-M3-DualCam\src\gowin_empu_m3\gowin_empu_m3.v":0)
Compiling module '**'("C:\Users\hankg\OneDrive\Works\Gowin\Cortex-M3-DualCam\src\gowin_empu_m3\gowin_empu_m3.v":0)
Compiling module '**'("C:\Users\hankg\OneDrive\Works\Gowin\Cortex-M3-DualCam\src\gowin_empu_m3\gowin_empu_m3.v":0)
Compiling module '**'("C:\Users\hankg\OneDrive\Works\Gowin\Cortex-M3-DualCam\src\gowin_empu_m3\gowin_empu_m3.v":0)
Compiling module '**'("C:\Users\hankg\OneDrive\Works\Gowin\Cortex-M3-DualCam\src\gowin_empu_m3\gowin_empu_m3.v":0)
Compiling module '**'("C:\Users\hankg\OneDrive\Works\Gowin\Cortex-M3-DualCam\src\gowin_empu_m3\gowin_empu_m3.v":0)
Compiling module '**'("C:\Users\hankg\OneDrive\Works\Gowin\Cortex-M3-DualCam\src\gowin_empu_m3\gowin_empu_m3.v":0)
Compiling module '**'("C:\Users\hankg\OneDrive\Works\Gowin\Cortex-M3-DualCam\src\gowin_empu_m3\gowin_empu_m3.v":0)
Compiling module '**'("C:\Users\hankg\OneDrive\Works\Gowin\Cortex-M3-DualCam\src\gowin_empu_m3\gowin_empu_m3.v":0)
Compiling module '**'("C:\Users\hankg\OneDrive\Works\Gowin\Cortex-M3-DualCam\src\gowin_empu_m3\gowin_empu_m3.v":0)
Compiling module '**'("C:\Users\hankg\OneDrive\Works\Gowin\Cortex-M3-DualCam\src\gowin_empu_m3\gowin_empu_m3.v":0)
Compiling module '**'("C:\Users\hankg\OneDrive\Works\Gowin\Cortex-M3-DualCam\src\gowin_empu_m3\gowin_empu_m3.v":0)
Compiling module '**'("C:\Users\hankg\OneDrive\Works\Gowin\Cortex-M3-DualCam\src\gowin_empu_m3\gowin_empu_m3.v":0)
Compiling module '**'("C:\Users\hankg\OneDrive\Works\Gowin\Cortex-M3-DualCam\src\gowin_empu_m3\gowin_empu_m3.v":0)
Compiling module '**'("C:\Users\hankg\OneDrive\Works\Gowin\Cortex-M3-DualCam\src\gowin_empu_m3\gowin_empu_m3.v":0)
Compiling module '**'("C:\Users\hankg\OneDrive\Works\Gowin\Cortex-M3-DualCam\src\gowin_empu_m3\gowin_empu_m3.v":0)
Compiling module '**'("C:\Users\hankg\OneDrive\Works\Gowin\Cortex-M3-DualCam\src\gowin_empu_m3\gowin_empu_m3.v":0)
Compiling module '**'("C:\Users\hankg\OneDrive\Works\Gowin\Cortex-M3-DualCam\src\gowin_empu_m3\gowin_empu_m3.v":0)
Compiling module '**'("C:\Users\hankg\OneDrive\Works\Gowin\Cortex-M3-DualCam\src\gowin_empu_m3\gowin_empu_m3.v":0)
Compiling module '**'("C:\Users\hankg\OneDrive\Works\Gowin\Cortex-M3-DualCam\src\gowin_empu_m3\gowin_empu_m3.v":0)
Compiling module '**'("C:\Users\hankg\OneDrive\Works\Gowin\Cortex-M3-DualCam\src\gowin_empu_m3\gowin_empu_m3.v":0)
Compiling module '**'("C:\Users\hankg\OneDrive\Works\Gowin\Cortex-M3-DualCam\src\gowin_empu_m3\gowin_empu_m3.v":0)
Compiling module '**'("C:\Users\hankg\OneDrive\Works\Gowin\Cortex-M3-DualCam\src\gowin_empu_m3\gowin_empu_m3.v":0)
Compiling module '**'("C:\Users\hankg\OneDrive\Works\Gowin\Cortex-M3-DualCam\src\gowin_empu_m3\gowin_empu_m3.v":0)
Compiling module '**'("C:\Users\hankg\OneDrive\Works\Gowin\Cortex-M3-DualCam\src\gowin_empu_m3\gowin_empu_m3.v":0)
Compiling module '**'("C:\Users\hankg\OneDrive\Works\Gowin\Cortex-M3-DualCam\src\gowin_empu_m3\gowin_empu_m3.v":0)
Compiling module '**'("C:\Users\hankg\OneDrive\Works\Gowin\Cortex-M3-DualCam\src\gowin_empu_m3\gowin_empu_m3.v":0)
Compiling module '**'("C:\Users\hankg\OneDrive\Works\Gowin\Cortex-M3-DualCam\src\gowin_empu_m3\gowin_empu_m3.v":0)
Compiling module '**'("C:\Users\hankg\OneDrive\Works\Gowin\Cortex-M3-DualCam\src\gowin_empu_m3\gowin_empu_m3.v":0)
Compiling module '**'("C:\Users\hankg\OneDrive\Works\Gowin\Cortex-M3-DualCam\src\gowin_empu_m3\gowin_empu_m3.v":0)
Compiling module '**'("C:\Users\hankg\OneDrive\Works\Gowin\Cortex-M3-DualCam\src\gowin_empu_m3\gowin_empu_m3.v":0)
Compiling module '**'("C:\Users\hankg\OneDrive\Works\Gowin\Cortex-M3-DualCam\src\gowin_empu_m3\gowin_empu_m3.v":0)
Compiling module '**'("C:\Users\hankg\OneDrive\Works\Gowin\Cortex-M3-DualCam\src\gowin_empu_m3\gowin_empu_m3.v":0)
Compiling module '**'("C:\Users\hankg\OneDrive\Works\Gowin\Cortex-M3-DualCam\src\gowin_empu_m3\gowin_empu_m3.v":0)
Compiling module '**'("C:\Users\hankg\OneDrive\Works\Gowin\Cortex-M3-DualCam\src\gowin_empu_m3\gowin_empu_m3.v":0)
Compiling module '**'("C:\Users\hankg\OneDrive\Works\Gowin\Cortex-M3-DualCam\src\gowin_empu_m3\gowin_empu_m3.v":0)
Compiling module '**'("C:\Users\hankg\OneDrive\Works\Gowin\Cortex-M3-DualCam\src\gowin_empu_m3\gowin_empu_m3.v":0)
Compiling module '**'("C:\Users\hankg\OneDrive\Works\Gowin\Cortex-M3-DualCam\src\gowin_empu_m3\gowin_empu_m3.v":0)
Compiling module '**'("C:\Users\hankg\OneDrive\Works\Gowin\Cortex-M3-DualCam\src\gowin_empu_m3\gowin_empu_m3.v":0)
Compiling module '**'("C:\Users\hankg\OneDrive\Works\Gowin\Cortex-M3-DualCam\src\gowin_empu_m3\gowin_empu_m3.v":0)
Compiling module '**'("C:\Users\hankg\OneDrive\Works\Gowin\Cortex-M3-DualCam\src\gowin_empu_m3\gowin_empu_m3.v":0)
Compiling module '**'("C:\Users\hankg\OneDrive\Works\Gowin\Cortex-M3-DualCam\src\gowin_empu_m3\gowin_empu_m3.v":0)
Compiling module '**'("C:\Users\hankg\OneDrive\Works\Gowin\Cortex-M3-DualCam\src\gowin_empu_m3\gowin_empu_m3.v":0)
Compiling module '**'("C:\Users\hankg\OneDrive\Works\Gowin\Cortex-M3-DualCam\src\gowin_empu_m3\gowin_empu_m3.v":0)
Compiling module '**'("C:\Users\hankg\OneDrive\Works\Gowin\Cortex-M3-DualCam\src\gowin_empu_m3\gowin_empu_m3.v":0)
Compiling module '**'("C:\Users\hankg\OneDrive\Works\Gowin\Cortex-M3-DualCam\src\gowin_empu_m3\gowin_empu_m3.v":0)
Compiling module '**'("C:\Users\hankg\OneDrive\Works\Gowin\Cortex-M3-DualCam\src\gowin_empu_m3\gowin_empu_m3.v":0)
Compiling module '**'("C:\Users\hankg\OneDrive\Works\Gowin\Cortex-M3-DualCam\src\gowin_empu_m3\gowin_empu_m3.v":0)
Compiling module '**'("C:\Users\hankg\OneDrive\Works\Gowin\Cortex-M3-DualCam\src\gowin_empu_m3\gowin_empu_m3.v":0)
Compiling module '**'("C:\Users\hankg\OneDrive\Works\Gowin\Cortex-M3-DualCam\src\gowin_empu_m3\gowin_empu_m3.v":0)
Compiling module '**'("C:\Users\hankg\OneDrive\Works\Gowin\Cortex-M3-DualCam\src\gowin_empu_m3\gowin_empu_m3.v":0)
Compiling module '**'("C:\Users\hankg\OneDrive\Works\Gowin\Cortex-M3-DualCam\src\gowin_empu_m3\gowin_empu_m3.v":0)
Compiling module '**'("C:\Users\hankg\OneDrive\Works\Gowin\Cortex-M3-DualCam\src\gowin_empu_m3\gowin_empu_m3.v":0)
Compiling module '**'("C:\Users\hankg\OneDrive\Works\Gowin\Cortex-M3-DualCam\src\gowin_empu_m3\gowin_empu_m3.v":0)
Compiling module '**'("C:\Users\hankg\OneDrive\Works\Gowin\Cortex-M3-DualCam\src\gowin_empu_m3\gowin_empu_m3.v":0)
Compiling module '**'("C:\Users\hankg\OneDrive\Works\Gowin\Cortex-M3-DualCam\src\gowin_empu_m3\gowin_empu_m3.v":0)
Compiling module '**'("C:\Users\hankg\OneDrive\Works\Gowin\Cortex-M3-DualCam\src\gowin_empu_m3\gowin_empu_m3.v":0)
Compiling module '**'("C:\Users\hankg\OneDrive\Works\Gowin\Cortex-M3-DualCam\src\gowin_empu_m3\gowin_empu_m3.v":0)
Compiling module '**'("C:\Users\hankg\OneDrive\Works\Gowin\Cortex-M3-DualCam\src\gowin_empu_m3\gowin_empu_m3.v":0)
Compiling module '**'("C:\Users\hankg\OneDrive\Works\Gowin\Cortex-M3-DualCam\src\gowin_empu_m3\gowin_empu_m3.v":0)
Compiling module '**'("C:\Users\hankg\OneDrive\Works\Gowin\Cortex-M3-DualCam\src\gowin_empu_m3\gowin_empu_m3.v":0)
Compiling module '**'("C:\Users\hankg\OneDrive\Works\Gowin\Cortex-M3-DualCam\src\gowin_empu_m3\gowin_empu_m3.v":0)
Compiling module '**'("C:\Users\hankg\OneDrive\Works\Gowin\Cortex-M3-DualCam\src\gowin_empu_m3\gowin_empu_m3.v":0)
Compiling module '**'("C:\Users\hankg\OneDrive\Works\Gowin\Cortex-M3-DualCam\src\gowin_empu_m3\gowin_empu_m3.v":0)
Compiling module '**'("C:\Users\hankg\OneDrive\Works\Gowin\Cortex-M3-DualCam\src\gowin_empu_m3\gowin_empu_m3.v":0)
Compiling module '**'("C:\Users\hankg\OneDrive\Works\Gowin\Cortex-M3-DualCam\src\gowin_empu_m3\gowin_empu_m3.v":0)
Compiling module '**'("C:\Users\hankg\OneDrive\Works\Gowin\Cortex-M3-DualCam\src\gowin_empu_m3\gowin_empu_m3.v":0)
Compiling module '**'("C:\Users\hankg\OneDrive\Works\Gowin\Cortex-M3-DualCam\src\gowin_empu_m3\gowin_empu_m3.v":0)
Compiling module '**'("C:\Users\hankg\OneDrive\Works\Gowin\Cortex-M3-DualCam\src\gowin_empu_m3\gowin_empu_m3.v":0)
Compiling module '**'("C:\Users\hankg\OneDrive\Works\Gowin\Cortex-M3-DualCam\src\gowin_empu_m3\gowin_empu_m3.v":0)
Compiling module '**'("C:\Users\hankg\OneDrive\Works\Gowin\Cortex-M3-DualCam\src\gowin_empu_m3\gowin_empu_m3.v":0)
Compiling module '**'("C:\Users\hankg\OneDrive\Works\Gowin\Cortex-M3-DualCam\src\gowin_empu_m3\gowin_empu_m3.v":0)
Compiling module '**'("C:\Users\hankg\OneDrive\Works\Gowin\Cortex-M3-DualCam\src\gowin_empu_m3\gowin_empu_m3.v":0)
Compiling module '**'("C:\Users\hankg\OneDrive\Works\Gowin\Cortex-M3-DualCam\src\gowin_empu_m3\gowin_empu_m3.v":0)
Compiling module '**'("C:\Users\hankg\OneDrive\Works\Gowin\Cortex-M3-DualCam\src\gowin_empu_m3\gowin_empu_m3.v":0)
Compiling module '**'("C:\Users\hankg\OneDrive\Works\Gowin\Cortex-M3-DualCam\src\gowin_empu_m3\gowin_empu_m3.v":0)
Compiling module '**'("C:\Users\hankg\OneDrive\Works\Gowin\Cortex-M3-DualCam\src\gowin_empu_m3\gowin_empu_m3.v":0)
Compiling module '**'("C:\Users\hankg\OneDrive\Works\Gowin\Cortex-M3-DualCam\src\gowin_empu_m3\gowin_empu_m3.v":0)
Compiling module '**'("C:\Users\hankg\OneDrive\Works\Gowin\Cortex-M3-DualCam\src\gowin_empu_m3\gowin_empu_m3.v":0)
Compiling module '**'("C:\Users\hankg\OneDrive\Works\Gowin\Cortex-M3-DualCam\src\gowin_empu_m3\gowin_empu_m3.v":0)
Compiling module '**'("C:\Users\hankg\OneDrive\Works\Gowin\Cortex-M3-DualCam\src\gowin_empu_m3\gowin_empu_m3.v":0)
Compiling module '**'("C:\Users\hankg\OneDrive\Works\Gowin\Cortex-M3-DualCam\src\gowin_empu_m3\gowin_empu_m3.v":0)
Compiling module '**'("C:\Users\hankg\OneDrive\Works\Gowin\Cortex-M3-DualCam\src\gowin_empu_m3\gowin_empu_m3.v":0)
Compiling module '**'("C:\Users\hankg\OneDrive\Works\Gowin\Cortex-M3-DualCam\src\gowin_empu_m3\gowin_empu_m3.v":0)
Compiling module '**'("C:\Users\hankg\OneDrive\Works\Gowin\Cortex-M3-DualCam\src\gowin_empu_m3\gowin_empu_m3.v":0)
Compiling module '**'("C:\Users\hankg\OneDrive\Works\Gowin\Cortex-M3-DualCam\src\gowin_empu_m3\gowin_empu_m3.v":0)
Compiling module '**'("C:\Users\hankg\OneDrive\Works\Gowin\Cortex-M3-DualCam\src\gowin_empu_m3\gowin_empu_m3.v":0)
Compiling module '**'("C:\Users\hankg\OneDrive\Works\Gowin\Cortex-M3-DualCam\src\gowin_empu_m3\gowin_empu_m3.v":0)
Compiling module '**'("C:\Users\hankg\OneDrive\Works\Gowin\Cortex-M3-DualCam\src\gowin_empu_m3\gowin_empu_m3.v":0)
Compiling module '**'("C:\Users\hankg\OneDrive\Works\Gowin\Cortex-M3-DualCam\src\gowin_empu_m3\gowin_empu_m3.v":0)
Compiling module '**'("C:\Users\hankg\OneDrive\Works\Gowin\Cortex-M3-DualCam\src\gowin_empu_m3\gowin_empu_m3.v":0)
Compiling module '**'("C:\Users\hankg\OneDrive\Works\Gowin\Cortex-M3-DualCam\src\gowin_empu_m3\gowin_empu_m3.v":0)
Compiling module '**'("C:\Users\hankg\OneDrive\Works\Gowin\Cortex-M3-DualCam\src\gowin_empu_m3\gowin_empu_m3.v":0)
Compiling module '**'("C:\Users\hankg\OneDrive\Works\Gowin\Cortex-M3-DualCam\src\gowin_empu_m3\gowin_empu_m3.v":0)
Compiling module '**'("C:\Users\hankg\OneDrive\Works\Gowin\Cortex-M3-DualCam\src\gowin_empu_m3\gowin_empu_m3.v":0)
Compiling module '**'("C:\Users\hankg\OneDrive\Works\Gowin\Cortex-M3-DualCam\src\gowin_empu_m3\gowin_empu_m3.v":0)
Compiling module '**'("C:\Users\hankg\OneDrive\Works\Gowin\Cortex-M3-DualCam\src\gowin_empu_m3\gowin_empu_m3.v":0)
Compiling module '**'("C:\Users\hankg\OneDrive\Works\Gowin\Cortex-M3-DualCam\src\gowin_empu_m3\gowin_empu_m3.v":0)
Compiling module '**'("C:\Users\hankg\OneDrive\Works\Gowin\Cortex-M3-DualCam\src\gowin_empu_m3\gowin_empu_m3.v":0)
Compiling module '**'("C:\Users\hankg\OneDrive\Works\Gowin\Cortex-M3-DualCam\src\gowin_empu_m3\gowin_empu_m3.v":0)
Compiling module '**'("C:\Users\hankg\OneDrive\Works\Gowin\Cortex-M3-DualCam\src\gowin_empu_m3\gowin_empu_m3.v":0)
Compiling module '**'("C:\Users\hankg\OneDrive\Works\Gowin\Cortex-M3-DualCam\src\gowin_empu_m3\gowin_empu_m3.v":0)
Compiling module '**'("C:\Users\hankg\OneDrive\Works\Gowin\Cortex-M3-DualCam\src\gowin_empu_m3\gowin_empu_m3.v":0)
Compiling module '**'("C:\Users\hankg\OneDrive\Works\Gowin\Cortex-M3-DualCam\src\gowin_empu_m3\gowin_empu_m3.v":0)
Compiling module '**'("C:\Users\hankg\OneDrive\Works\Gowin\Cortex-M3-DualCam\src\gowin_empu_m3\gowin_empu_m3.v":0)
Compiling module '**'("C:\Users\hankg\OneDrive\Works\Gowin\Cortex-M3-DualCam\src\gowin_empu_m3\gowin_empu_m3.v":0)
Compiling module '**'("C:\Users\hankg\OneDrive\Works\Gowin\Cortex-M3-DualCam\src\gowin_empu_m3\gowin_empu_m3.v":0)
Compiling module '**'("C:\Users\hankg\OneDrive\Works\Gowin\Cortex-M3-DualCam\src\gowin_empu_m3\gowin_empu_m3.v":0)
Compiling module '**'("C:\Users\hankg\OneDrive\Works\Gowin\Cortex-M3-DualCam\src\gowin_empu_m3\gowin_empu_m3.v":0)
Compiling module '**'("C:\Users\hankg\OneDrive\Works\Gowin\Cortex-M3-DualCam\src\gowin_empu_m3\gowin_empu_m3.v":0)
Compiling module '**'("C:\Users\hankg\OneDrive\Works\Gowin\Cortex-M3-DualCam\src\gowin_empu_m3\gowin_empu_m3.v":0)
Compiling module '**'("C:\Users\hankg\OneDrive\Works\Gowin\Cortex-M3-DualCam\src\gowin_empu_m3\gowin_empu_m3.v":0)
Compiling module '**'("C:\Users\hankg\OneDrive\Works\Gowin\Cortex-M3-DualCam\src\gowin_empu_m3\gowin_empu_m3.v":0)
Compiling module '**'("C:\Users\hankg\OneDrive\Works\Gowin\Cortex-M3-DualCam\src\gowin_empu_m3\gowin_empu_m3.v":0)
Compiling module '**'("C:\Users\hankg\OneDrive\Works\Gowin\Cortex-M3-DualCam\src\gowin_empu_m3\gowin_empu_m3.v":0)
Compiling module '**'("C:\Users\hankg\OneDrive\Works\Gowin\Cortex-M3-DualCam\src\gowin_empu_m3\gowin_empu_m3.v":0)
Compiling module '**'("C:\Users\hankg\OneDrive\Works\Gowin\Cortex-M3-DualCam\src\gowin_empu_m3\gowin_empu_m3.v":0)
Compiling module '**'("C:\Users\hankg\OneDrive\Works\Gowin\Cortex-M3-DualCam\src\gowin_empu_m3\gowin_empu_m3.v":0)
Compiling module '**'("C:\Users\hankg\OneDrive\Works\Gowin\Cortex-M3-DualCam\src\gowin_empu_m3\gowin_empu_m3.v":0)
Compiling module '**'("C:\Users\hankg\OneDrive\Works\Gowin\Cortex-M3-DualCam\src\gowin_empu_m3\gowin_empu_m3.v":0)
Compiling module '**'("C:\Users\hankg\OneDrive\Works\Gowin\Cortex-M3-DualCam\src\gowin_empu_m3\gowin_empu_m3.v":0)
Compiling module '**'("C:\Users\hankg\OneDrive\Works\Gowin\Cortex-M3-DualCam\src\gowin_empu_m3\gowin_empu_m3.v":0)
Compiling module '**'("C:\Users\hankg\OneDrive\Works\Gowin\Cortex-M3-DualCam\src\gowin_empu_m3\gowin_empu_m3.v":0)
Compiling module '**'("C:\Users\hankg\OneDrive\Works\Gowin\Cortex-M3-DualCam\src\gowin_empu_m3\gowin_empu_m3.v":0)
Compiling module '**'("C:\Users\hankg\OneDrive\Works\Gowin\Cortex-M3-DualCam\src\gowin_empu_m3\gowin_empu_m3.v":0)
Compiling module '**'("C:\Users\hankg\OneDrive\Works\Gowin\Cortex-M3-DualCam\src\gowin_empu_m3\gowin_empu_m3.v":0)
Compiling module '**'("C:\Users\hankg\OneDrive\Works\Gowin\Cortex-M3-DualCam\src\gowin_empu_m3\gowin_empu_m3.v":0)
Compiling module '**'("C:\Users\hankg\OneDrive\Works\Gowin\Cortex-M3-DualCam\src\gowin_empu_m3\gowin_empu_m3.v":0)
Compiling module '**'("C:\Users\hankg\OneDrive\Works\Gowin\Cortex-M3-DualCam\src\gowin_empu_m3\gowin_empu_m3.v":0)
WARN  (EX1947) : Input port 'APB2PRDATA[31]' remains unconnected for this instance("C:\Users\hankg\OneDrive\Works\Gowin\Cortex-M3-DualCam\src\gowin_empu_m3_template.v":96)
WARN  (EX1947) : Input port 'APB2PRDATA[30]' remains unconnected for this instance("C:\Users\hankg\OneDrive\Works\Gowin\Cortex-M3-DualCam\src\gowin_empu_m3_template.v":96)
WARN  (EX1947) : Input port 'APB2PRDATA[29]' remains unconnected for this instance("C:\Users\hankg\OneDrive\Works\Gowin\Cortex-M3-DualCam\src\gowin_empu_m3_template.v":96)
WARN  (EX1947) : Input port 'APB2PRDATA[28]' remains unconnected for this instance("C:\Users\hankg\OneDrive\Works\Gowin\Cortex-M3-DualCam\src\gowin_empu_m3_template.v":96)
WARN  (EX1947) : Input port 'APB2PRDATA[27]' remains unconnected for this instance("C:\Users\hankg\OneDrive\Works\Gowin\Cortex-M3-DualCam\src\gowin_empu_m3_template.v":96)
WARN  (EX1947) : Input port 'APB2PRDATA[26]' remains unconnected for this instance("C:\Users\hankg\OneDrive\Works\Gowin\Cortex-M3-DualCam\src\gowin_empu_m3_template.v":96)
WARN  (EX1947) : Input port 'APB2PRDATA[25]' remains unconnected for this instance("C:\Users\hankg\OneDrive\Works\Gowin\Cortex-M3-DualCam\src\gowin_empu_m3_template.v":96)
WARN  (EX1947) : Input port 'APB2PRDATA[24]' remains unconnected for this instance("C:\Users\hankg\OneDrive\Works\Gowin\Cortex-M3-DualCam\src\gowin_empu_m3_template.v":96)
WARN  (EX1947) : Input port 'APB2PRDATA[23]' remains unconnected for this instance("C:\Users\hankg\OneDrive\Works\Gowin\Cortex-M3-DualCam\src\gowin_empu_m3_template.v":96)
WARN  (EX1947) : Input port 'APB2PRDATA[22]' remains unconnected for this instance("C:\Users\hankg\OneDrive\Works\Gowin\Cortex-M3-DualCam\src\gowin_empu_m3_template.v":96)
WARN  (EX1947) : Input port 'APB2PRDATA[21]' remains unconnected for this instance("C:\Users\hankg\OneDrive\Works\Gowin\Cortex-M3-DualCam\src\gowin_empu_m3_template.v":96)
WARN  (EX1947) : Input port 'APB2PRDATA[20]' remains unconnected for this instance("C:\Users\hankg\OneDrive\Works\Gowin\Cortex-M3-DualCam\src\gowin_empu_m3_template.v":96)
WARN  (EX1947) : Input port 'APB2PRDATA[19]' remains unconnected for this instance("C:\Users\hankg\OneDrive\Works\Gowin\Cortex-M3-DualCam\src\gowin_empu_m3_template.v":96)
WARN  (EX1947) : Input port 'APB2PRDATA[18]' remains unconnected for this instance("C:\Users\hankg\OneDrive\Works\Gowin\Cortex-M3-DualCam\src\gowin_empu_m3_template.v":96)
WARN  (EX1947) : Input port 'APB2PRDATA[17]' remains unconnected for this instance("C:\Users\hankg\OneDrive\Works\Gowin\Cortex-M3-DualCam\src\gowin_empu_m3_template.v":96)
WARN  (EX1947) : Input port 'APB2PRDATA[16]' remains unconnected for this instance("C:\Users\hankg\OneDrive\Works\Gowin\Cortex-M3-DualCam\src\gowin_empu_m3_template.v":96)
WARN  (EX1947) : Input port 'APB2PRDATA[15]' remains unconnected for this instance("C:\Users\hankg\OneDrive\Works\Gowin\Cortex-M3-DualCam\src\gowin_empu_m3_template.v":96)
WARN  (EX1947) : Input port 'APB2PRDATA[14]' remains unconnected for this instance("C:\Users\hankg\OneDrive\Works\Gowin\Cortex-M3-DualCam\src\gowin_empu_m3_template.v":96)
WARN  (EX1947) : Input port 'APB2PRDATA[13]' remains unconnected for this instance("C:\Users\hankg\OneDrive\Works\Gowin\Cortex-M3-DualCam\src\gowin_empu_m3_template.v":96)
WARN  (EX1947) : Input port 'APB2PRDATA[12]' remains unconnected for this instance("C:\Users\hankg\OneDrive\Works\Gowin\Cortex-M3-DualCam\src\gowin_empu_m3_template.v":96)
WARN  (EX1947) : Input port 'APB2PRDATA[11]' remains unconnected for this instance("C:\Users\hankg\OneDrive\Works\Gowin\Cortex-M3-DualCam\src\gowin_empu_m3_template.v":96)
WARN  (EX1947) : Input port 'APB2PRDATA[10]' remains unconnected for this instance("C:\Users\hankg\OneDrive\Works\Gowin\Cortex-M3-DualCam\src\gowin_empu_m3_template.v":96)
WARN  (EX1947) : Input port 'APB2PRDATA[9]' remains unconnected for this instance("C:\Users\hankg\OneDrive\Works\Gowin\Cortex-M3-DualCam\src\gowin_empu_m3_template.v":96)
WARN  (EX1947) : Input port 'APB2PRDATA[8]' remains unconnected for this instance("C:\Users\hankg\OneDrive\Works\Gowin\Cortex-M3-DualCam\src\gowin_empu_m3_template.v":96)
WARN  (EX1947) : Input port 'APB2PRDATA[7]' remains unconnected for this instance("C:\Users\hankg\OneDrive\Works\Gowin\Cortex-M3-DualCam\src\gowin_empu_m3_template.v":96)
WARN  (EX1947) : Input port 'APB2PRDATA[6]' remains unconnected for this instance("C:\Users\hankg\OneDrive\Works\Gowin\Cortex-M3-DualCam\src\gowin_empu_m3_template.v":96)
WARN  (EX1947) : Input port 'APB2PRDATA[5]' remains unconnected for this instance("C:\Users\hankg\OneDrive\Works\Gowin\Cortex-M3-DualCam\src\gowin_empu_m3_template.v":96)
WARN  (EX1947) : Input port 'APB2PRDATA[4]' remains unconnected for this instance("C:\Users\hankg\OneDrive\Works\Gowin\Cortex-M3-DualCam\src\gowin_empu_m3_template.v":96)
WARN  (EX1947) : Input port 'APB2PRDATA[3]' remains unconnected for this instance("C:\Users\hankg\OneDrive\Works\Gowin\Cortex-M3-DualCam\src\gowin_empu_m3_template.v":96)
WARN  (EX1947) : Input port 'APB2PRDATA[2]' remains unconnected for this instance("C:\Users\hankg\OneDrive\Works\Gowin\Cortex-M3-DualCam\src\gowin_empu_m3_template.v":96)
WARN  (EX1947) : Input port 'APB2PRDATA[1]' remains unconnected for this instance("C:\Users\hankg\OneDrive\Works\Gowin\Cortex-M3-DualCam\src\gowin_empu_m3_template.v":96)
WARN  (EX1947) : Input port 'APB2PRDATA[0]' remains unconnected for this instance("C:\Users\hankg\OneDrive\Works\Gowin\Cortex-M3-DualCam\src\gowin_empu_m3_template.v":96)
WARN  (EX1947) : Input port 'APB2PREADY' remains unconnected for this instance("C:\Users\hankg\OneDrive\Works\Gowin\Cortex-M3-DualCam\src\gowin_empu_m3_template.v":96)
WARN  (EX1947) : Input port 'APB2PSLVERR' remains unconnected for this instance("C:\Users\hankg\OneDrive\Works\Gowin\Cortex-M3-DualCam\src\gowin_empu_m3_template.v":96)
WARN  (EX1947) : Input port 'AHB2HRDATA[31]' remains unconnected for this instance("C:\Users\hankg\OneDrive\Works\Gowin\Cortex-M3-DualCam\src\gowin_empu_m3_template.v":96)
WARN  (EX1947) : Input port 'AHB2HRDATA[30]' remains unconnected for this instance("C:\Users\hankg\OneDrive\Works\Gowin\Cortex-M3-DualCam\src\gowin_empu_m3_template.v":96)
WARN  (EX1947) : Input port 'AHB2HRDATA[29]' remains unconnected for this instance("C:\Users\hankg\OneDrive\Works\Gowin\Cortex-M3-DualCam\src\gowin_empu_m3_template.v":96)
WARN  (EX1947) : Input port 'AHB2HRDATA[28]' remains unconnected for this instance("C:\Users\hankg\OneDrive\Works\Gowin\Cortex-M3-DualCam\src\gowin_empu_m3_template.v":96)
WARN  (EX1947) : Input port 'AHB2HRDATA[27]' remains unconnected for this instance("C:\Users\hankg\OneDrive\Works\Gowin\Cortex-M3-DualCam\src\gowin_empu_m3_template.v":96)
WARN  (EX1947) : Input port 'AHB2HRDATA[26]' remains unconnected for this instance("C:\Users\hankg\OneDrive\Works\Gowin\Cortex-M3-DualCam\src\gowin_empu_m3_template.v":96)
WARN  (EX1947) : Input port 'AHB2HRDATA[25]' remains unconnected for this instance("C:\Users\hankg\OneDrive\Works\Gowin\Cortex-M3-DualCam\src\gowin_empu_m3_template.v":96)
WARN  (EX1947) : Input port 'AHB2HRDATA[24]' remains unconnected for this instance("C:\Users\hankg\OneDrive\Works\Gowin\Cortex-M3-DualCam\src\gowin_empu_m3_template.v":96)
WARN  (EX1947) : Input port 'AHB2HRDATA[23]' remains unconnected for this instance("C:\Users\hankg\OneDrive\Works\Gowin\Cortex-M3-DualCam\src\gowin_empu_m3_template.v":96)
WARN  (EX1947) : Input port 'AHB2HRDATA[22]' remains unconnected for this instance("C:\Users\hankg\OneDrive\Works\Gowin\Cortex-M3-DualCam\src\gowin_empu_m3_template.v":96)
WARN  (EX1947) : Input port 'AHB2HRDATA[21]' remains unconnected for this instance("C:\Users\hankg\OneDrive\Works\Gowin\Cortex-M3-DualCam\src\gowin_empu_m3_template.v":96)
WARN  (EX1947) : Input port 'AHB2HRDATA[20]' remains unconnected for this instance("C:\Users\hankg\OneDrive\Works\Gowin\Cortex-M3-DualCam\src\gowin_empu_m3_template.v":96)
WARN  (EX1947) : Input port 'AHB2HRDATA[19]' remains unconnected for this instance("C:\Users\hankg\OneDrive\Works\Gowin\Cortex-M3-DualCam\src\gowin_empu_m3_template.v":96)
WARN  (EX1947) : Input port 'AHB2HRDATA[18]' remains unconnected for this instance("C:\Users\hankg\OneDrive\Works\Gowin\Cortex-M3-DualCam\src\gowin_empu_m3_template.v":96)
WARN  (EX1947) : Input port 'AHB2HRDATA[17]' remains unconnected for this instance("C:\Users\hankg\OneDrive\Works\Gowin\Cortex-M3-DualCam\src\gowin_empu_m3_template.v":96)
WARN  (EX1947) : Input port 'AHB2HRDATA[16]' remains unconnected for this instance("C:\Users\hankg\OneDrive\Works\Gowin\Cortex-M3-DualCam\src\gowin_empu_m3_template.v":96)
WARN  (EX1947) : Input port 'AHB2HRDATA[15]' remains unconnected for this instance("C:\Users\hankg\OneDrive\Works\Gowin\Cortex-M3-DualCam\src\gowin_empu_m3_template.v":96)
WARN  (EX1947) : Input port 'AHB2HRDATA[14]' remains unconnected for this instance("C:\Users\hankg\OneDrive\Works\Gowin\Cortex-M3-DualCam\src\gowin_empu_m3_template.v":96)
WARN  (EX1947) : Input port 'AHB2HRDATA[13]' remains unconnected for this instance("C:\Users\hankg\OneDrive\Works\Gowin\Cortex-M3-DualCam\src\gowin_empu_m3_template.v":96)
WARN  (EX1947) : Input port 'AHB2HRDATA[12]' remains unconnected for this instance("C:\Users\hankg\OneDrive\Works\Gowin\Cortex-M3-DualCam\src\gowin_empu_m3_template.v":96)
WARN  (EX1947) : Input port 'AHB2HRDATA[11]' remains unconnected for this instance("C:\Users\hankg\OneDrive\Works\Gowin\Cortex-M3-DualCam\src\gowin_empu_m3_template.v":96)
WARN  (EX1947) : Input port 'AHB2HRDATA[10]' remains unconnected for this instance("C:\Users\hankg\OneDrive\Works\Gowin\Cortex-M3-DualCam\src\gowin_empu_m3_template.v":96)
WARN  (EX1947) : Input port 'AHB2HRDATA[9]' remains unconnected for this instance("C:\Users\hankg\OneDrive\Works\Gowin\Cortex-M3-DualCam\src\gowin_empu_m3_template.v":96)
WARN  (EX1947) : Input port 'AHB2HRDATA[8]' remains unconnected for this instance("C:\Users\hankg\OneDrive\Works\Gowin\Cortex-M3-DualCam\src\gowin_empu_m3_template.v":96)
WARN  (EX1947) : Input port 'AHB2HRDATA[7]' remains unconnected for this instance("C:\Users\hankg\OneDrive\Works\Gowin\Cortex-M3-DualCam\src\gowin_empu_m3_template.v":96)
WARN  (EX1947) : Input port 'AHB2HRDATA[6]' remains unconnected for this instance("C:\Users\hankg\OneDrive\Works\Gowin\Cortex-M3-DualCam\src\gowin_empu_m3_template.v":96)
WARN  (EX1947) : Input port 'AHB2HRDATA[5]' remains unconnected for this instance("C:\Users\hankg\OneDrive\Works\Gowin\Cortex-M3-DualCam\src\gowin_empu_m3_template.v":96)
WARN  (EX1947) : Input port 'AHB2HRDATA[4]' remains unconnected for this instance("C:\Users\hankg\OneDrive\Works\Gowin\Cortex-M3-DualCam\src\gowin_empu_m3_template.v":96)
WARN  (EX1947) : Input port 'AHB2HRDATA[3]' remains unconnected for this instance("C:\Users\hankg\OneDrive\Works\Gowin\Cortex-M3-DualCam\src\gowin_empu_m3_template.v":96)
WARN  (EX1947) : Input port 'AHB2HRDATA[2]' remains unconnected for this instance("C:\Users\hankg\OneDrive\Works\Gowin\Cortex-M3-DualCam\src\gowin_empu_m3_template.v":96)
WARN  (EX1947) : Input port 'AHB2HRDATA[1]' remains unconnected for this instance("C:\Users\hankg\OneDrive\Works\Gowin\Cortex-M3-DualCam\src\gowin_empu_m3_template.v":96)
WARN  (EX1947) : Input port 'AHB2HRDATA[0]' remains unconnected for this instance("C:\Users\hankg\OneDrive\Works\Gowin\Cortex-M3-DualCam\src\gowin_empu_m3_template.v":96)
WARN  (EX1947) : Input port 'AHB2HREADYOUT' remains unconnected for this instance("C:\Users\hankg\OneDrive\Works\Gowin\Cortex-M3-DualCam\src\gowin_empu_m3_template.v":96)
WARN  (EX1987) : Input port 'AHB2HRESP[1]' is not connected on this instance("C:\Users\hankg\OneDrive\Works\Gowin\Cortex-M3-DualCam\src\gowin_empu_m3_template.v":96)
WARN  (EX1947) : Input port 'AHB2HRESP[0]' remains unconnected for this instance("C:\Users\hankg\OneDrive\Works\Gowin\Cortex-M3-DualCam\src\gowin_empu_m3_template.v":96)
WARN  (EX3771) : Module instantiation should have an instance name("C:\Users\hankg\OneDrive\Works\Gowin\Cortex-M3-DualCam\src\Cortex_M3_DualCam.v":80)
WARN  (EX3073) : Port 'cam_init_done' remains unconnected for this instance("C:\Users\hankg\OneDrive\Works\Gowin\Cortex-M3-DualCam\src\dual_ov5640_lcd.v":195)
WARN  (EX3073) : Port 'cam_init_done' remains unconnected for this instance("C:\Users\hankg\OneDrive\Works\Gowin\Cortex-M3-DualCam\src\dual_ov5640_lcd.v":223)
WARN  (EX3073) : Port 'O_vin0_fifo_full' remains unconnected for this instance("C:\Users\hankg\OneDrive\Works\Gowin\Cortex-M3-DualCam\src\dual_ov5640_lcd.v":285)
Compiling module 'dual_ov5640_lcd'("C:\Users\hankg\OneDrive\Works\Gowin\Cortex-M3-DualCam\src\dual_ov5640_lcd.v":1)
Compiling module 'cmos_rpll'("C:\Users\hankg\OneDrive\Works\Gowin\Cortex-M3-DualCam\src\cmos_rpll\cmos_rpll.v":9)
Compiling module 'ov5640_dri'("C:\Users\hankg\OneDrive\Works\Gowin\Cortex-M3-DualCam\src\ov5640\ov5640_dri.v":22)
Compiling module 'i2c_ov5640_rgb565_cfg'("C:\Users\hankg\OneDrive\Works\Gowin\Cortex-M3-DualCam\src\ov5640\i2c_ov5640_rgb565_cfg.v":22)
Compiling module 'i2c_dri(SLAVE_ADDR=7'b0111100,CLK_FREQ=27'b101111101011110000100000000,I2C_FREQ=18'b111101000010010000)'("C:\Users\hankg\OneDrive\Works\Gowin\Cortex-M3-DualCam\src\ov5640\i2c_dri.v":22)
Compiling module 'OV5640_capture_data'("C:\Users\hankg\OneDrive\Works\Gowin\Cortex-M3-DualCam\src\ov5640\OV5640_capture_data.v":22)
WARN  (EX3670) : Actual bit length 12 differs from formal bit length 13 for port 'cmos_h_pixel'("C:\Users\hankg\OneDrive\Works\Gowin\Cortex-M3-DualCam\src\dual_ov5640_lcd.v":185)
WARN  (EX3670) : Actual bit length 12 differs from formal bit length 13 for port 'cmos_h_pixel'("C:\Users\hankg\OneDrive\Works\Gowin\Cortex-M3-DualCam\src\dual_ov5640_lcd.v":213)
WARN  (EX3073) : Port 'Almost_Full' remains unconnected for this instance("C:\Users\hankg\OneDrive\Works\Gowin\Cortex-M3-DualCam\src\cmos_add.v":58)
WARN  (EX3073) : Port 'Almost_Full' remains unconnected for this instance("C:\Users\hankg\OneDrive\Works\Gowin\Cortex-M3-DualCam\src\cmos_add.v":158)
Compiling module 'cmos_add'("C:\Users\hankg\OneDrive\Works\Gowin\Cortex-M3-DualCam\src\cmos_add.v":6)
Compiling module 'fifo_pong'("C:\Users\hankg\OneDrive\Works\Gowin\Cortex-M3-DualCam\src\fifo_pong\fifo_pong.v":5982)
Compiling module '**'("C:\Users\hankg\OneDrive\Works\Gowin\Cortex-M3-DualCam\src\fifo_pong\fifo_pong.v":0)
Compiling module 'Video_Frame_Buffer_Top'("C:\Users\hankg\OneDrive\Works\Gowin\Cortex-M3-DualCam\src\video_frame_buffer\video_frame_buffer.v":4132)
Compiling module '**'("C:\Users\hankg\OneDrive\Works\Gowin\Cortex-M3-DualCam\src\video_frame_buffer\video_frame_buffer.v":0)
Compiling module '**'("C:\Users\hankg\OneDrive\Works\Gowin\Cortex-M3-DualCam\src\video_frame_buffer\video_frame_buffer.v":0)
Compiling module '**'("C:\Users\hankg\OneDrive\Works\Gowin\Cortex-M3-DualCam\src\video_frame_buffer\video_frame_buffer.v":0)
Compiling module '**'("C:\Users\hankg\OneDrive\Works\Gowin\Cortex-M3-DualCam\src\video_frame_buffer\video_frame_buffer.v":0)
Compiling module '**'("C:\Users\hankg\OneDrive\Works\Gowin\Cortex-M3-DualCam\src\video_frame_buffer\video_frame_buffer.v":0)
Compiling module '**'("C:\Users\hankg\OneDrive\Works\Gowin\Cortex-M3-DualCam\src\video_frame_buffer\video_frame_buffer.v":0)
Compiling module '**'("C:\Users\hankg\OneDrive\Works\Gowin\Cortex-M3-DualCam\src\video_frame_buffer\video_frame_buffer.v":0)
Compiling module '**'("C:\Users\hankg\OneDrive\Works\Gowin\Cortex-M3-DualCam\src\video_frame_buffer\video_frame_buffer.v":0)
Compiling module '**'("C:\Users\hankg\OneDrive\Works\Gowin\Cortex-M3-DualCam\src\video_frame_buffer\video_frame_buffer.v":0)
Compiling module '**'("C:\Users\hankg\OneDrive\Works\Gowin\Cortex-M3-DualCam\src\video_frame_buffer\video_frame_buffer.v":0)
Compiling module 'ddr_rpll'("C:\Users\hankg\OneDrive\Works\Gowin\Cortex-M3-DualCam\src\ddr_rpll\ddr_rpll.v":9)
Compiling module 'DDR3_Memory_Interface_Top'("C:\Users\hankg\OneDrive\Works\Gowin\Cortex-M3-DualCam\src\ddr3_memory_interface\ddr3_memory_interface.v":11477)
Compiling module '**'("C:\Users\hankg\OneDrive\Works\Gowin\Cortex-M3-DualCam\src\ddr3_memory_interface\ddr3_memory_interface.v":0)
Compiling module '**'("C:\Users\hankg\OneDrive\Works\Gowin\Cortex-M3-DualCam\src\ddr3_memory_interface\ddr3_memory_interface.v":0)
Compiling module '**'("C:\Users\hankg\OneDrive\Works\Gowin\Cortex-M3-DualCam\src\ddr3_memory_interface\ddr3_memory_interface.v":0)
Compiling module '**'("C:\Users\hankg\OneDrive\Works\Gowin\Cortex-M3-DualCam\src\ddr3_memory_interface\ddr3_memory_interface.v":0)
Compiling module '**'("C:\Users\hankg\OneDrive\Works\Gowin\Cortex-M3-DualCam\src\ddr3_memory_interface\ddr3_memory_interface.v":0)
Compiling module '**'("C:\Users\hankg\OneDrive\Works\Gowin\Cortex-M3-DualCam\src\ddr3_memory_interface\ddr3_memory_interface.v":0)
Compiling module '**'("C:\Users\hankg\OneDrive\Works\Gowin\Cortex-M3-DualCam\src\ddr3_memory_interface\ddr3_memory_interface.v":0)
Compiling module '**'("C:\Users\hankg\OneDrive\Works\Gowin\Cortex-M3-DualCam\src\ddr3_memory_interface\ddr3_memory_interface.v":0)
Compiling module '**'("C:\Users\hankg\OneDrive\Works\Gowin\Cortex-M3-DualCam\src\ddr3_memory_interface\ddr3_memory_interface.v":0)
Compiling module '**'("C:\Users\hankg\OneDrive\Works\Gowin\Cortex-M3-DualCam\src\ddr3_memory_interface\ddr3_memory_interface.v":0)
Compiling module '**'("C:\Users\hankg\OneDrive\Works\Gowin\Cortex-M3-DualCam\src\ddr3_memory_interface\ddr3_memory_interface.v":0)
Compiling module '**'("C:\Users\hankg\OneDrive\Works\Gowin\Cortex-M3-DualCam\src\ddr3_memory_interface\ddr3_memory_interface.v":0)
Compiling module '**'("C:\Users\hankg\OneDrive\Works\Gowin\Cortex-M3-DualCam\src\ddr3_memory_interface\ddr3_memory_interface.v":0)
Compiling module '**'("C:\Users\hankg\OneDrive\Works\Gowin\Cortex-M3-DualCam\src\ddr3_memory_interface\ddr3_memory_interface.v":0)
Compiling module '**'("C:\Users\hankg\OneDrive\Works\Gowin\Cortex-M3-DualCam\src\ddr3_memory_interface\ddr3_memory_interface.v":0)
Compiling module '**'("C:\Users\hankg\OneDrive\Works\Gowin\Cortex-M3-DualCam\src\ddr3_memory_interface\ddr3_memory_interface.v":0)
Compiling module '**'("C:\Users\hankg\OneDrive\Works\Gowin\Cortex-M3-DualCam\src\ddr3_memory_interface\ddr3_memory_interface.v":0)
Compiling module '**'("C:\Users\hankg\OneDrive\Works\Gowin\Cortex-M3-DualCam\src\ddr3_memory_interface\ddr3_memory_interface.v":0)
Compiling module '**'("C:\Users\hankg\OneDrive\Works\Gowin\Cortex-M3-DualCam\src\ddr3_memory_interface\ddr3_memory_interface.v":0)
Compiling module '**'("C:\Users\hankg\OneDrive\Works\Gowin\Cortex-M3-DualCam\src\ddr3_memory_interface\ddr3_memory_interface.v":0)
Compiling module '**'("C:\Users\hankg\OneDrive\Works\Gowin\Cortex-M3-DualCam\src\ddr3_memory_interface\ddr3_memory_interface.v":0)
Compiling module '**'("C:\Users\hankg\OneDrive\Works\Gowin\Cortex-M3-DualCam\src\ddr3_memory_interface\ddr3_memory_interface.v":0)
Compiling module '**'("C:\Users\hankg\OneDrive\Works\Gowin\Cortex-M3-DualCam\src\ddr3_memory_interface\ddr3_memory_interface.v":0)
Compiling module 'syn_gen'("C:\Users\hankg\OneDrive\Works\Gowin\Cortex-M3-DualCam\src\syn_code\syn_gen.v":13)
Compiling module 'hdmi_rpll'("C:\Users\hankg\OneDrive\Works\Gowin\Cortex-M3-DualCam\src\hdmi_rpll\hdmi_rpll.v":9)
Compiling module 'Gowin_CLKDIV'("C:\Users\hankg\OneDrive\Works\Gowin\Cortex-M3-DualCam\src\gowin_clkdiv\gowin_clkdiv.v":9)
WARN  (EX3670) : Actual bit length 32 differs from formal bit length 1 for port 'calib'("C:\Users\hankg\OneDrive\Works\Gowin\Cortex-M3-DualCam\src\dual_ov5640_lcd.v":382)
Compiling module 'DVI_TX_Top'("C:\Users\hankg\OneDrive\Works\Gowin\Cortex-M3-DualCam\src\dvi_tx\dvi_tx.v":1042)
Compiling module '**'("C:\Users\hankg\OneDrive\Works\Gowin\Cortex-M3-DualCam\src\dvi_tx\dvi_tx.v":0)
Compiling module '**'("C:\Users\hankg\OneDrive\Works\Gowin\Cortex-M3-DualCam\src\dvi_tx\dvi_tx.v":0)
Compiling module '**'("C:\Users\hankg\OneDrive\Works\Gowin\Cortex-M3-DualCam\src\dvi_tx\dvi_tx.v":0)
Compiling module '**'("C:\Users\hankg\OneDrive\Works\Gowin\Cortex-M3-DualCam\src\dvi_tx\dvi_tx.v":0)
WARN  (EX1947) : Input port 'sr_req' remains unconnected for this instance("C:\Users\hankg\OneDrive\Works\Gowin\Cortex-M3-DualCam\src\dual_ov5640_lcd.v":341)
WARN  (EX1987) : Input port 'ref_req' is not connected on this instance("C:\Users\hankg\OneDrive\Works\Gowin\Cortex-M3-DualCam\src\dual_ov5640_lcd.v":341)
WARN  (EX1998) : Net 'cmos0_en' does not have a driver("C:\Users\hankg\OneDrive\Works\Gowin\Cortex-M3-DualCam\src\Cortex_M3_DualCam.v":57)
WARN  (EX1998) : Net 'cmos1_en' does not have a driver("C:\Users\hankg\OneDrive\Works\Gowin\Cortex-M3-DualCam\src\Cortex_M3_DualCam.v":58)
WARN  (EX1998) : Net 'splicing_en' does not have a driver("C:\Users\hankg\OneDrive\Works\Gowin\Cortex-M3-DualCam\src\Cortex_M3_DualCam.v":59)
WARN  (EX1947) : Input port 'UART1RXD' remains unconnected for this instance("C:\Users\hankg\OneDrive\Works\Gowin\Cortex-M3-DualCam\src\Cortex_M3_DualCam.v":78)
WARN  (EX1947) : Input port 'MISO' remains unconnected for this instance("C:\Users\hankg\OneDrive\Works\Gowin\Cortex-M3-DualCam\src\Cortex_M3_DualCam.v":78)
NOTE  (EX0101) : Current top module is "Cortex_M3_DualCam"
WARN  (EX0206) : Instance "rpll_inst" 's parameter "DEVICE" value invalid("C:\Users\hankg\OneDrive\Works\Gowin\Cortex-M3-DualCam\src\cmos_rpll\cmos_rpll.v":39)
WARN  (EX0206) : Instance "rpll_inst" 's parameter "DEVICE" value invalid("C:\Users\hankg\OneDrive\Works\Gowin\Cortex-M3-DualCam\src\ddr_rpll\ddr_rpll.v":39)
WARN  (EX0206) : Instance "rpll_inst" 's parameter "DEVICE" value invalid("C:\Users\hankg\OneDrive\Works\Gowin\Cortex-M3-DualCam\src\hdmi_rpll\hdmi_rpll.v":38)
WARN  (EX0211) : The output port "sr_ack" of module "DDR3_Memory_Interface_Top" has no driver("C:\Users\hankg\OneDrive\Works\Gowin\Cortex-M3-DualCam\src\ddr3_memory_interface\ddr3_memory_interface.v":11539)
[5%] Running netlist conversion ...
Running device independent optimization ...
[10%] Optimizing Phase 0 completed
[15%] Optimizing Phase 1 completed
[25%] Optimizing Phase 2 completed
Running inference ...
[30%] Inferring Phase 0 completed
[40%] Inferring Phase 1 completed
[50%] Inferring Phase 2 completed
[55%] Inferring Phase 3 completed
Running technical mapping ...
[60%] Tech-Mapping Phase 0 completed
[65%] Tech-Mapping Phase 1 completed
[75%] Tech-Mapping Phase 2 completed
[80%] Tech-Mapping Phase 3 completed
[90%] Tech-Mapping Phase 4 completed
WARN  (NL0002) : The module "nds_inout_pad" instantiated to "spi1_holdn_pad" is swept in optimizing("C:\Users\hankg\OneDrive\Works\Gowin\Cortex-M3-DualCam\src\gowin_empu_m3\gowin_empu_m3.v":0)
WARN  (NL0002) : The module "nds_inout_pad_0" instantiated to "spi1_miso_pad" is swept in optimizing("C:\Users\hankg\OneDrive\Works\Gowin\Cortex-M3-DualCam\src\gowin_empu_m3\gowin_empu_m3.v":0)
WARN  (NL0002) : The module "nds_inout_pad_1" instantiated to "spi1_mosi_pad" is swept in optimizing("C:\Users\hankg\OneDrive\Works\Gowin\Cortex-M3-DualCam\src\gowin_empu_m3\gowin_empu_m3.v":0)
WARN  (NL0002) : The module "GW_GPIO" instantiated to "u_gw_gpio" is swept in optimizing("C:\Users\hankg\OneDrive\Works\Gowin\Cortex-M3-DualCam\src\gowin_empu_m3\gowin_empu_m3.v":0)
WARN  (NL0002) : The module "gck_0" instantiated to "master_gclk_0" is swept in optimizing("C:\Users\hankg\OneDrive\Works\Gowin\Cortex-M3-DualCam\src\gowin_empu_m3\gowin_empu_m3.v":0)
WARN  (NL0002) : The module "gck" instantiated to "master_gclk_1" is swept in optimizing("C:\Users\hankg\OneDrive\Works\Gowin\Cortex-M3-DualCam\src\gowin_empu_m3\gowin_empu_m3.v":0)
WARN  (NL0002) : The module "~fifo.fifo_pong" instantiated to "fifo_inst" is swept in optimizing("C:\Users\hankg\OneDrive\Works\Gowin\Cortex-M3-DualCam\src\fifo_pong\fifo_pong.v":6018)
[95%] Generate netlist file "C:\Users\hankg\OneDrive\Works\Gowin\Cortex-M3-DualCam\impl\gwsynthesis\gowin_empu_m3.vg" completed
[100%] Generate report file "C:\Users\hankg\OneDrive\Works\Gowin\Cortex-M3-DualCam\impl\gwsynthesis\gowin_empu_m3_syn.rpt.html" completed
GowinSynthesis finish
