


ARM Macro Assembler    Page 1 


    1 00000000         ; ******************************************************
                       ********************************
    2 00000000         ; *
    3 00000000         ;   (C) COPYRIGHT 2014-2020 Gowin Semiconductor Technolo
                       gy Co.,Ltd.
    4 00000000         ; *
    5 00000000         ; * File Name : startup_GOWIN_M3.s
    6 00000000         ; * Author  : Embedded Development Team
    7 00000000         ; * Version  : V1.0.0
    8 00000000         ; * Date  : 2020-4-1 09:00:00
    9 00000000         ; * Description : Gowin_EMPU_M3 Devices vector table for
                        ARM toolchain
   10 00000000         ; *     This module performs:
   11 00000000         ; *     - Set the initial SP
   12 00000000         ; *     - Set the initial PC == Reset_Handler
   13 00000000         ; *     - Set the vector table entries with exceptions I
                       SR address
   14 00000000         ; *     - Configure the system clock
   15 00000000         ; *     - Branches to __main in the C library(which even
                       tually calls main())
   16 00000000         ; *     After Reset the Cortex-M3 processor is in Thread
                        mode,
   17 00000000         ; *     priority is Privileged and the Stach is set to M
                       ain
   18 00000000         ; *
   19 00000000         ; * <<< Use Configuration Wizard in Context Menu >>>
   20 00000000         ; *
   21 00000000         ; ******************************************************
                       **********************************
   22 00000000         
   23 00000000         ; <h> Stack Configuration
   24 00000000         ;   <o> Stack Size (in Bytes) <0x0-0xFFFFFFFF:8>
   25 00000000         ; </h>
   26 00000000         
   27 00000000 00001000 
                       Stack_Size
                               EQU              0x00001000
   28 00000000         
   29 00000000                 AREA             STACK, NOINIT, READWRITE, ALIGN
=3
   30 00000000         Stack_Mem
                               SPACE            Stack_Size
   31 00001000         __initial_sp
   32 00001000         
   33 00001000         
   34 00001000         ; <h> Heap Configuration
   35 00001000         ;   <o>  Heap Size (in Bytes) <0x0-0xFFFFFFFF:8>
   36 00001000         ; </h>
   37 00001000         
   38 00001000 00001000 
                       Heap_Size
                               EQU              0x00001000
   39 00001000         
   40 00001000                 AREA             HEAP, NOINIT, READWRITE, ALIGN=
3
   41 00000000         __heap_base
   42 00000000         Heap_Mem
                               SPACE            Heap_Size
   43 00001000         __heap_limit



ARM Macro Assembler    Page 2 


   44 00001000         
   45 00001000         
   46 00001000                 PRESERVE8
   47 00001000                 THUMB
   48 00001000         
   49 00001000         
   50 00001000         ; Vector Table Mapped to Address 0 at Reset
   51 00001000         
   52 00001000                 AREA             RESET, DATA, READONLY
   53 00000000                 EXPORT           __Vectors
   54 00000000                 EXPORT           __Vectors_End
   55 00000000                 EXPORT           __Vectors_Size
   56 00000000         
   57 00000000 00000000 
                       __Vectors
                               DCD              __initial_sp ; Top of Stack
   58 00000004 00000000        DCD              Reset_Handler ; Reset Handler
   59 00000008 00000000        DCD              NMI_Handler ; -14 NMI Handler
   60 0000000C 00000000        DCD              HardFault_Handler ; -13 Hard Fa
                                                            ult Handler
   61 00000010 00000000        DCD              MemManage_Handler ; -12 MPU Fau
                                                            lt Handler
   62 00000014 00000000        DCD              BusFault_Handler ; -11 Bus Faul
                                                            t Handler
   63 00000018 00000000        DCD              UsageFault_Handler ; -10 Usage 
                                                            Fault Handler
   64 0000001C 00000000        DCD              0           ; Reserved
   65 00000020 00000000        DCD              0           ; Reserved
   66 00000024 00000000        DCD              0           ; Reserved
   67 00000028 00000000        DCD              0           ; Reserved
   68 0000002C 00000000        DCD              SVC_Handler ; -5 SVCall Handler
                                                            
   69 00000030 00000000        DCD              DebugMon_Handler ; -4 Debug Mon
                                                            itor Handler
   70 00000034 00000000        DCD              0           ; Reserved
   71 00000038 00000000        DCD              PendSV_Handler 
                                                            ; -2 PendSV Handler
                                                            
   72 0000003C 00000000        DCD              SysTick_Handler ; -1 SysTick Ha
                                                            ndler
   73 00000040         
   74 00000040         ; External Peripherals Interrupts
   75 00000040 00000000        DCD              UART0_Handler ; 0 UART0 Interru
                                                            pt handler
   76 00000044 00000000        DCD              UART1_Handler ; 1 UART1 Interru
                                                            pt handler
   77 00000048 00000000        DCD              TIMER0_Handler ; 2 TIMER0 Inter
                                                            rupt handler
   78 0000004C 00000000        DCD              TIMER1_Handler ; 3 TIMER1 Inter
                                                            rupt handler
   79 00000050 00000000        DCD              GPIO0_Handler ; 4 GPIO0 Interru
                                                            pt handler
   80 00000054 00000000        DCD              UARTOVF_Handler ; 5 UART0,1 Ove
                                                            rflow Interrupt han
                                                            dler
   81 00000058 00000000        DCD              RTC_Handler ; 6 RTC Interrupt h
                                                            andler
   82 0000005C 00000000        DCD              I2C_Handler ; 7 I2C Interrupt h
                                                            andler



ARM Macro Assembler    Page 3 


   83 00000060 00000000        DCD              Interrupt8_Handler ; 8 Interrup
                                                            t8 handler
   84 00000064 00000000        DCD              ENT_Handler ; 9 Ethernet Interr
                                                            upt handler
   85 00000068 00000000        DCD              Interrupt10_Handler ; 10 Interr
                                                            upt10 handler
   86 0000006C 00000000        DCD              Interrupt11_Handler ; 11 Interr
                                                            upt11 handler
   87 00000070 00000000        DCD              Interrupt12_Handler ; 12 Interr
                                                            upt12 handler
   88 00000074 00000000        DCD              Interrupt13_Handler ; 13 Interr
                                                            upt13 handler
   89 00000078 00000000        DCD              Interrupt14_Handler ; 14 Interr
                                                            upt14 handler
   90 0000007C 00000000        DCD              Interrupt15_Handler ; 15 Interr
                                                            upt15 handler
   91 00000080 00000000        DCD              GPIO0_0_Handler ; 16 GPIO0_0 In
                                                            terrupt handler
   92 00000084 00000000        DCD              GPIO0_1_Handler ; 17 GPIO0_1 In
                                                            terrupt handler
   93 00000088 00000000        DCD              GPIO0_2_Handler ; 18 GPIO0_2 In
                                                            terrupt handler
   94 0000008C 00000000        DCD              GPIO0_3_Handler ; 19 GPIO0_3 In
                                                            terrupt handler
   95 00000090 00000000        DCD              GPIO0_4_Handler ; 20 GPIO0_4 In
                                                            terrupt handler
   96 00000094 00000000        DCD              GPIO0_5_Handler ; 21 GPIO0_5 In
                                                            terrupt handler
   97 00000098 00000000        DCD              GPIO0_6_Handler ; 22 GPIO0_6 In
                                                            terrupt handler
   98 0000009C 00000000        DCD              GPIO0_7_Handler ; 23 GPIO0_7 In
                                                            terrupt handler
   99 000000A0 00000000        DCD              GPIO0_8_Handler ; 24 GPIO0_8 In
                                                            terrupt handler
  100 000000A4 00000000        DCD              GPIO0_9_Handler ; 25 GPIO0_9 In
                                                            terrupt handler
  101 000000A8 00000000        DCD              GPIO0_10_Handler ; 26 GPIO0_10 
                                                            Interrupt handler
  102 000000AC 00000000        DCD              GPIO0_11_Handler ; 27 GPIO0_11 
                                                            Interrupt handler
  103 000000B0 00000000        DCD              GPIO0_12_Handler ; 28 GPIO0_12 
                                                            Interrupt handler
  104 000000B4 00000000        DCD              GPIO0_13_Handler ; 29 GPIO0_13 
                                                            Interrupt handler
  105 000000B8 00000000        DCD              GPIO0_14_Handler ; 30 GPIO0_14 
                                                            Interrupt handler
  106 000000BC 00000000        DCD              GPIO0_15_Handler ; 31 GPIO0_15 
                                                            Interrupt handler
  107 000000C0 00000000        DCD              USER_INT0_Handler ; 32 USER_INT
                                                            0 Interrupt handler
                                                            
  108 000000C4 00000000        DCD              USER_INT1_Handler ; 33 USER_INT
                                                            1 Interrupt handler
                                                            
  109 000000C8 00000000        DCD              USER_INT2_Handler ; 34 USER_INT
                                                            2 Interrupt handler
                                                            
  110 000000CC 00000000        DCD              USER_INT3_Handler ; 35 USER_INT
                                                            3 Interrupt handler



ARM Macro Assembler    Page 4 


                                                            
  111 000000D0 00000000        DCD              USER_INT4_Handler ; 36 USER_INT
                                                            4 Interrupt handler
                                                            
  112 000000D4 00000000        DCD              USER_INT5_Handler ; 37 USER_INT
                                                            5 Interrupt handler
                                                            
  113 000000D8 00000000        DCD              USER_INT6_Handler ; 38 USER_INT
                                                            6 Interrupt handler
                                                            
  114 000000DC 00000000        DCD              USER_INT7_Handler ; 39 USER_INT
                                                            7 Interrupt handler
                                                            
  115 000000E0 00000000        DCD              USER_INT8_Handler ; 40 USER_INT
                                                            8 Interrupt handler
                                                            
  116 000000E4 00000000        DCD              USER_INT9_Handler ; 41 USER_INT
                                                            9 Interrupt handler
                                                            
  117 000000E8 00000000        DCD              USER_INT10_Handler ; 42 USER_IN
                                                            T10 Interrupt handl
                                                            er
  118 000000EC 00000000        DCD              USER_INT11_Handler ; 43 USER_IN
                                                            T11 Interrupt handl
                                                            er
  119 000000F0 00000000        DCD              USER_INT12_Handler ; 44 USER_IN
                                                            T12 Interrupt handl
                                                            er
  120 000000F4 00000000        DCD              USER_INT13_Handler ; 45 USER_IN
                                                            T13 Interrupt handl
                                                            er
  121 000000F8 00000000        DCD              USER_INT14_Handler ; 46 USER_IN
                                                            T14 Interrupt handl
                                                            er
  122 000000FC 00000000        DCD              USER_INT15_Handler ; 47 USER_IN
                                                            T15 Interrupt handl
                                                            er
  123 00000100         __Vectors_End
  124 00000100         
  125 00000100 00000100 
                       __Vectors_Size
                               EQU              __Vectors_End - __Vectors
  126 00000100         
  127 00000100                 AREA             |.text|, CODE, READONLY
  128 00000000         
  129 00000000         
  130 00000000         ; Reset Handler
  131 00000000         ; Branches to __main in the C library(which eventually c
                       alls main())
  132 00000000         Reset_Handler
                               PROC
  133 00000000                 EXPORT           Reset_Handler             [WEAK
]
  134 00000000                 IMPORT           SystemInit
  135 00000000                 IMPORT           __main
  136 00000000 4809            LDR              R0, =SystemInit
  137 00000002 4780            BLX              R0
  138 00000004 4809            LDR              R0, =__main
  139 00000006 4700            BX               R0



ARM Macro Assembler    Page 5 


  140 00000008                 ENDP
  141 00000008         
  142 00000008         
  143 00000008         ; Dummy Exception Handlers (infinite loops which can be 
                       modified)
  144 00000008         
  145 00000008         NMI_Handler
                               PROC
  146 00000008                 EXPORT           NMI_Handler               [WEAK
]
  147 00000008 E7FE            B                .
  148 0000000A                 ENDP
  150 0000000A         HardFault_Handler
                               PROC
  151 0000000A                 EXPORT           HardFault_Handler         [WEAK
]
  152 0000000A E7FE            B                .
  153 0000000C                 ENDP
  155 0000000C         MemManage_Handler
                               PROC
  156 0000000C                 EXPORT           MemManage_Handler         [WEAK
]
  157 0000000C E7FE            B                .
  158 0000000E                 ENDP
  160 0000000E         BusFault_Handler
                               PROC
  161 0000000E                 EXPORT           BusFault_Handler          [WEAK
]
  162 0000000E E7FE            B                .
  163 00000010                 ENDP
  165 00000010         UsageFault_Handler
                               PROC
  166 00000010                 EXPORT           UsageFault_Handler        [WEAK
]
  167 00000010 E7FE            B                .
  168 00000012                 ENDP
  169 00000012         SVC_Handler
                               PROC
  170 00000012                 EXPORT           SVC_Handler               [WEAK
]
  171 00000012 E7FE            B                .
  172 00000014                 ENDP
  174 00000014         DebugMon_Handler
                               PROC
  175 00000014                 EXPORT           DebugMon_Handler          [WEAK
]
  176 00000014 E7FE            B                .
  177 00000016                 ENDP
  179 00000016         PendSV_Handler
                               PROC
  180 00000016                 EXPORT           PendSV_Handler            [WEAK
]
  181 00000016 E7FE            B                .
  182 00000018                 ENDP
  184 00000018         SysTick_Handler
                               PROC
  185 00000018                 EXPORT           SysTick_Handler           [WEAK
]
  186 00000018 E7FE            B                .



ARM Macro Assembler    Page 6 


  187 0000001A                 ENDP
  188 0000001A         
  189 0000001A         Default_Handler
                               PROC
  190 0000001A                 EXPORT           UART0_Handler              [WEA
K]
  191 0000001A                 EXPORT           UART1_Handler              [WEA
K]
  192 0000001A                 EXPORT           TIMER0_Handler             [WEA
K]
  193 0000001A                 EXPORT           TIMER1_Handler             [WEA
K]
  194 0000001A                 EXPORT           GPIO0_Handler              [WEA
K]
  195 0000001A                 EXPORT           UARTOVF_Handler            [WEA
K]
  196 0000001A                 EXPORT           RTC_Handler                [WEA
K]
  197 0000001A                 EXPORT           I2C_Handler                [WEA
K]
  198 0000001A                 EXPORT           Interrupt8_Handler         [WEA
K]
  199 0000001A                 EXPORT           ENT_Handler                [WEA
K]
  200 0000001A                 EXPORT           Interrupt10_Handler        [WEA
K]
  201 0000001A                 EXPORT           Interrupt11_Handler        [WEA
K]
  202 0000001A                 EXPORT           Interrupt12_Handler        [WEA
K]
  203 0000001A                 EXPORT           Interrupt13_Handler        [WEA
K]
  204 0000001A                 EXPORT           Interrupt14_Handler        [WEA
K]
  205 0000001A                 EXPORT           Interrupt15_Handler        [WEA
K]
  206 0000001A                 EXPORT           GPIO0_0_Handler            [WEA
K]
  207 0000001A                 EXPORT           GPIO0_1_Handler            [WEA
K]
  208 0000001A                 EXPORT           GPIO0_2_Handler            [WEA
K]
  209 0000001A                 EXPORT           GPIO0_3_Handler            [WEA
K]
  210 0000001A                 EXPORT           GPIO0_4_Handler            [WEA
K]
  211 0000001A                 EXPORT           GPIO0_5_Handler            [WEA
K]
  212 0000001A                 EXPORT           GPIO0_6_Handler            [WEA
K]
  213 0000001A                 EXPORT           GPIO0_7_Handler            [WEA
K]
  214 0000001A                 EXPORT           GPIO0_8_Handler            [WEA
K]
  215 0000001A                 EXPORT           GPIO0_9_Handler            [WEA
K]
  216 0000001A                 EXPORT           GPIO0_10_Handler           [WEA
K]
  217 0000001A                 EXPORT           GPIO0_11_Handler           [WEA



ARM Macro Assembler    Page 7 


K]
  218 0000001A                 EXPORT           GPIO0_12_Handler           [WEA
K]
  219 0000001A                 EXPORT           GPIO0_13_Handler           [WEA
K]
  220 0000001A                 EXPORT           GPIO0_14_Handler           [WEA
K]
  221 0000001A                 EXPORT           GPIO0_15_Handler           [WEA
K]
  222 0000001A                 EXPORT           USER_INT0_Handler          [WEA
K]
  223 0000001A                 EXPORT           USER_INT1_Handler          [WEA
K]
  224 0000001A                 EXPORT           USER_INT2_Handler          [WEA
K]
  225 0000001A                 EXPORT           USER_INT3_Handler          [WEA
K]
  226 0000001A                 EXPORT           USER_INT4_Handler          [WEA
K]
  227 0000001A                 EXPORT           USER_INT5_Handler          [WEA
K]
  228 0000001A                 EXPORT           USER_INT6_Handler          [WEA
K]
  229 0000001A                 EXPORT           USER_INT7_Handler          [WEA
K]
  230 0000001A                 EXPORT           USER_INT8_Handler          [WEA
K]
  231 0000001A                 EXPORT           USER_INT9_Handler          [WEA
K]
  232 0000001A                 EXPORT           USER_INT10_Handler         [WEA
K]
  233 0000001A                 EXPORT           USER_INT11_Handler         [WEA
K]
  234 0000001A                 EXPORT           USER_INT12_Handler         [WEA
K]
  235 0000001A                 EXPORT           USER_INT13_Handler         [WEA
K]
  236 0000001A                 EXPORT           USER_INT14_Handler         [WEA
K]
  237 0000001A                 EXPORT           USER_INT15_Handler         [WEA
K]
  238 0000001A         
  239 0000001A         
  240 0000001A         UART0_Handler
  241 0000001A         UART1_Handler
  242 0000001A         TIMER0_Handler
  243 0000001A         TIMER1_Handler
  244 0000001A         GPIO0_Handler
  245 0000001A         UARTOVF_Handler
  246 0000001A         RTC_Handler
  247 0000001A         I2C_Handler
  248 0000001A         Interrupt8_Handler
  249 0000001A         ENT_Handler
  250 0000001A         Interrupt10_Handler
  251 0000001A         Interrupt11_Handler
  252 0000001A         Interrupt12_Handler
  253 0000001A         Interrupt13_Handler
  254 0000001A         Interrupt14_Handler
  255 0000001A         Interrupt15_Handler



ARM Macro Assembler    Page 8 


  256 0000001A         GPIO0_0_Handler
  257 0000001A         GPIO0_1_Handler
  258 0000001A         GPIO0_2_Handler
  259 0000001A         GPIO0_3_Handler
  260 0000001A         GPIO0_4_Handler
  261 0000001A         GPIO0_5_Handler
  262 0000001A         GPIO0_6_Handler
  263 0000001A         GPIO0_7_Handler
  264 0000001A         GPIO0_8_Handler
  265 0000001A         GPIO0_9_Handler
  266 0000001A         GPIO0_10_Handler
  267 0000001A         GPIO0_11_Handler
  268 0000001A         GPIO0_12_Handler
  269 0000001A         GPIO0_13_Handler
  270 0000001A         GPIO0_14_Handler
  271 0000001A         GPIO0_15_Handler
  272 0000001A         USER_INT0_Handler
  273 0000001A         USER_INT1_Handler
  274 0000001A         USER_INT2_Handler
  275 0000001A         USER_INT3_Handler
  276 0000001A         USER_INT4_Handler
  277 0000001A         USER_INT5_Handler
  278 0000001A         USER_INT6_Handler
  279 0000001A         USER_INT7_Handler
  280 0000001A         USER_INT8_Handler
  281 0000001A         USER_INT9_Handler
  282 0000001A         USER_INT10_Handler
  283 0000001A         USER_INT11_Handler
  284 0000001A         USER_INT12_Handler
  285 0000001A         USER_INT13_Handler
  286 0000001A         USER_INT14_Handler
  287 0000001A         USER_INT15_Handler
  288 0000001A E7FE            B                .
  289 0000001C         
  290 0000001C                 ENDP
  291 0000001C         
  292 0000001C         
  293 0000001C                 ALIGN
  294 0000001C         
  295 0000001C         ;*******************************************************
                       
  296 0000001C         ; User Initial Stack and Heap
  297 0000001C         ;*******************************************************
                       
  298 0000001C         
  299 0000001C                 IF               :DEF:__MICROLIB
  306 0000001C         
  307 0000001C                 IMPORT           __use_two_region_memory
  308 0000001C                 EXPORT           __user_initial_stackheap
  309 0000001C         
  310 0000001C         __user_initial_stackheap
                               PROC
  311 0000001C 4804            LDR              R0, =  Heap_Mem
  312 0000001E 4905            LDR              R1, =(Stack_Mem + Stack_Size)
  313 00000020 4A05            LDR              R2, = (Heap_Mem +  Heap_Size)
  314 00000022 4B06            LDR              R3, = Stack_Mem
  315 00000024 4770            BX               LR
  316 00000026                 ENDP
  317 00000026         



ARM Macro Assembler    Page 9 


  318 00000026 00 00           ALIGN
  319 00000028         
  320 00000028                 ENDIF
  321 00000028         
  322 00000028         
  323 00000028                 END
              00000000 
              00000000 
              00000000 
              00001000 
              00001000 
              00000000 
Command Line: --debug --xref --diag_suppress=9931 --cpu=Cortex-M3 --apcs=interw
ork --depend=.\objects\startup_gowin_m3.d -o.\objects\startup_gowin_m3.o -IE:\K
eil_v5\Pack\ARM\CMSIS\5.7.0\Device\ARM\ARMCM3\Include -IE:\Keil_v5\ARM\CMSIS\In
clude --predefine="__UVISION_VERSION SETA 531" --predefine="ARMCM3 SETA 1" --li
st=.\listings\startup_gowin_m3.lst ..\STARTUP\startup_GOWIN_M3.s



ARM Macro Assembler    Page 1 Alphabetic symbol ordering
Relocatable symbols

STACK 00000000

Symbol: STACK
   Definitions
      At line 29 in file ..\STARTUP\startup_GOWIN_M3.s
   Uses
      None
Comment: STACK unused
Stack_Mem 00000000

Symbol: Stack_Mem
   Definitions
      At line 30 in file ..\STARTUP\startup_GOWIN_M3.s
   Uses
      At line 312 in file ..\STARTUP\startup_GOWIN_M3.s
      At line 314 in file ..\STARTUP\startup_GOWIN_M3.s

__initial_sp 00001000

Symbol: __initial_sp
   Definitions
      At line 31 in file ..\STARTUP\startup_GOWIN_M3.s
   Uses
      At line 57 in file ..\STARTUP\startup_GOWIN_M3.s
Comment: __initial_sp used once
3 symbols



ARM Macro Assembler    Page 1 Alphabetic symbol ordering
Relocatable symbols

HEAP 00000000

Symbol: HEAP
   Definitions
      At line 40 in file ..\STARTUP\startup_GOWIN_M3.s
   Uses
      None
Comment: HEAP unused
Heap_Mem 00000000

Symbol: Heap_Mem
   Definitions
      At line 42 in file ..\STARTUP\startup_GOWIN_M3.s
   Uses
      At line 311 in file ..\STARTUP\startup_GOWIN_M3.s
      At line 313 in file ..\STARTUP\startup_GOWIN_M3.s

__heap_base 00000000

Symbol: __heap_base
   Definitions
      At line 41 in file ..\STARTUP\startup_GOWIN_M3.s
   Uses
      None
Comment: __heap_base unused
__heap_limit 00001000

Symbol: __heap_limit
   Definitions
      At line 43 in file ..\STARTUP\startup_GOWIN_M3.s
   Uses
      None
Comment: __heap_limit unused
4 symbols



ARM Macro Assembler    Page 1 Alphabetic symbol ordering
Relocatable symbols

RESET 00000000

Symbol: RESET
   Definitions
      At line 52 in file ..\STARTUP\startup_GOWIN_M3.s
   Uses
      None
Comment: RESET unused
__Vectors 00000000

Symbol: __Vectors
   Definitions
      At line 57 in file ..\STARTUP\startup_GOWIN_M3.s
   Uses
      At line 53 in file ..\STARTUP\startup_GOWIN_M3.s
      At line 125 in file ..\STARTUP\startup_GOWIN_M3.s

__Vectors_End 00000100

Symbol: __Vectors_End
   Definitions
      At line 123 in file ..\STARTUP\startup_GOWIN_M3.s
   Uses
      At line 54 in file ..\STARTUP\startup_GOWIN_M3.s
      At line 125 in file ..\STARTUP\startup_GOWIN_M3.s

3 symbols



ARM Macro Assembler    Page 1 Alphabetic symbol ordering
Relocatable symbols

.text 00000000

Symbol: .text
   Definitions
      At line 127 in file ..\STARTUP\startup_GOWIN_M3.s
   Uses
      None
Comment: .text unused
BusFault_Handler 0000000E

Symbol: BusFault_Handler
   Definitions
      At line 160 in file ..\STARTUP\startup_GOWIN_M3.s
   Uses
      At line 62 in file ..\STARTUP\startup_GOWIN_M3.s
      At line 161 in file ..\STARTUP\startup_GOWIN_M3.s

DebugMon_Handler 00000014

Symbol: DebugMon_Handler
   Definitions
      At line 174 in file ..\STARTUP\startup_GOWIN_M3.s
   Uses
      At line 69 in file ..\STARTUP\startup_GOWIN_M3.s
      At line 175 in file ..\STARTUP\startup_GOWIN_M3.s

Default_Handler 0000001A

Symbol: Default_Handler
   Definitions
      At line 189 in file ..\STARTUP\startup_GOWIN_M3.s
   Uses
      None
Comment: Default_Handler unused
ENT_Handler 0000001A

Symbol: ENT_Handler
   Definitions
      At line 249 in file ..\STARTUP\startup_GOWIN_M3.s
   Uses
      At line 84 in file ..\STARTUP\startup_GOWIN_M3.s
      At line 199 in file ..\STARTUP\startup_GOWIN_M3.s

GPIO0_0_Handler 0000001A

Symbol: GPIO0_0_Handler
   Definitions
      At line 256 in file ..\STARTUP\startup_GOWIN_M3.s
   Uses
      At line 91 in file ..\STARTUP\startup_GOWIN_M3.s
      At line 206 in file ..\STARTUP\startup_GOWIN_M3.s

GPIO0_10_Handler 0000001A

Symbol: GPIO0_10_Handler
   Definitions
      At line 266 in file ..\STARTUP\startup_GOWIN_M3.s
   Uses
      At line 101 in file ..\STARTUP\startup_GOWIN_M3.s



ARM Macro Assembler    Page 2 Alphabetic symbol ordering
Relocatable symbols

      At line 216 in file ..\STARTUP\startup_GOWIN_M3.s

GPIO0_11_Handler 0000001A

Symbol: GPIO0_11_Handler
   Definitions
      At line 267 in file ..\STARTUP\startup_GOWIN_M3.s
   Uses
      At line 102 in file ..\STARTUP\startup_GOWIN_M3.s
      At line 217 in file ..\STARTUP\startup_GOWIN_M3.s

GPIO0_12_Handler 0000001A

Symbol: GPIO0_12_Handler
   Definitions
      At line 268 in file ..\STARTUP\startup_GOWIN_M3.s
   Uses
      At line 103 in file ..\STARTUP\startup_GOWIN_M3.s
      At line 218 in file ..\STARTUP\startup_GOWIN_M3.s

GPIO0_13_Handler 0000001A

Symbol: GPIO0_13_Handler
   Definitions
      At line 269 in file ..\STARTUP\startup_GOWIN_M3.s
   Uses
      At line 104 in file ..\STARTUP\startup_GOWIN_M3.s
      At line 219 in file ..\STARTUP\startup_GOWIN_M3.s

GPIO0_14_Handler 0000001A

Symbol: GPIO0_14_Handler
   Definitions
      At line 270 in file ..\STARTUP\startup_GOWIN_M3.s
   Uses
      At line 105 in file ..\STARTUP\startup_GOWIN_M3.s
      At line 220 in file ..\STARTUP\startup_GOWIN_M3.s

GPIO0_15_Handler 0000001A

Symbol: GPIO0_15_Handler
   Definitions
      At line 271 in file ..\STARTUP\startup_GOWIN_M3.s
   Uses
      At line 106 in file ..\STARTUP\startup_GOWIN_M3.s
      At line 221 in file ..\STARTUP\startup_GOWIN_M3.s

GPIO0_1_Handler 0000001A

Symbol: GPIO0_1_Handler
   Definitions
      At line 257 in file ..\STARTUP\startup_GOWIN_M3.s
   Uses
      At line 92 in file ..\STARTUP\startup_GOWIN_M3.s
      At line 207 in file ..\STARTUP\startup_GOWIN_M3.s

GPIO0_2_Handler 0000001A

Symbol: GPIO0_2_Handler



ARM Macro Assembler    Page 3 Alphabetic symbol ordering
Relocatable symbols

   Definitions
      At line 258 in file ..\STARTUP\startup_GOWIN_M3.s
   Uses
      At line 93 in file ..\STARTUP\startup_GOWIN_M3.s
      At line 208 in file ..\STARTUP\startup_GOWIN_M3.s

GPIO0_3_Handler 0000001A

Symbol: GPIO0_3_Handler
   Definitions
      At line 259 in file ..\STARTUP\startup_GOWIN_M3.s
   Uses
      At line 94 in file ..\STARTUP\startup_GOWIN_M3.s
      At line 209 in file ..\STARTUP\startup_GOWIN_M3.s

GPIO0_4_Handler 0000001A

Symbol: GPIO0_4_Handler
   Definitions
      At line 260 in file ..\STARTUP\startup_GOWIN_M3.s
   Uses
      At line 95 in file ..\STARTUP\startup_GOWIN_M3.s
      At line 210 in file ..\STARTUP\startup_GOWIN_M3.s

GPIO0_5_Handler 0000001A

Symbol: GPIO0_5_Handler
   Definitions
      At line 261 in file ..\STARTUP\startup_GOWIN_M3.s
   Uses
      At line 96 in file ..\STARTUP\startup_GOWIN_M3.s
      At line 211 in file ..\STARTUP\startup_GOWIN_M3.s

GPIO0_6_Handler 0000001A

Symbol: GPIO0_6_Handler
   Definitions
      At line 262 in file ..\STARTUP\startup_GOWIN_M3.s
   Uses
      At line 97 in file ..\STARTUP\startup_GOWIN_M3.s
      At line 212 in file ..\STARTUP\startup_GOWIN_M3.s

GPIO0_7_Handler 0000001A

Symbol: GPIO0_7_Handler
   Definitions
      At line 263 in file ..\STARTUP\startup_GOWIN_M3.s
   Uses
      At line 98 in file ..\STARTUP\startup_GOWIN_M3.s
      At line 213 in file ..\STARTUP\startup_GOWIN_M3.s

GPIO0_8_Handler 0000001A

Symbol: GPIO0_8_Handler
   Definitions
      At line 264 in file ..\STARTUP\startup_GOWIN_M3.s
   Uses
      At line 99 in file ..\STARTUP\startup_GOWIN_M3.s
      At line 214 in file ..\STARTUP\startup_GOWIN_M3.s



ARM Macro Assembler    Page 4 Alphabetic symbol ordering
Relocatable symbols


GPIO0_9_Handler 0000001A

Symbol: GPIO0_9_Handler
   Definitions
      At line 265 in file ..\STARTUP\startup_GOWIN_M3.s
   Uses
      At line 100 in file ..\STARTUP\startup_GOWIN_M3.s
      At line 215 in file ..\STARTUP\startup_GOWIN_M3.s

GPIO0_Handler 0000001A

Symbol: GPIO0_Handler
   Definitions
      At line 244 in file ..\STARTUP\startup_GOWIN_M3.s
   Uses
      At line 79 in file ..\STARTUP\startup_GOWIN_M3.s
      At line 194 in file ..\STARTUP\startup_GOWIN_M3.s

HardFault_Handler 0000000A

Symbol: HardFault_Handler
   Definitions
      At line 150 in file ..\STARTUP\startup_GOWIN_M3.s
   Uses
      At line 60 in file ..\STARTUP\startup_GOWIN_M3.s
      At line 151 in file ..\STARTUP\startup_GOWIN_M3.s

I2C_Handler 0000001A

Symbol: I2C_Handler
   Definitions
      At line 247 in file ..\STARTUP\startup_GOWIN_M3.s
   Uses
      At line 82 in file ..\STARTUP\startup_GOWIN_M3.s
      At line 197 in file ..\STARTUP\startup_GOWIN_M3.s

Interrupt10_Handler 0000001A

Symbol: Interrupt10_Handler
   Definitions
      At line 250 in file ..\STARTUP\startup_GOWIN_M3.s
   Uses
      At line 85 in file ..\STARTUP\startup_GOWIN_M3.s
      At line 200 in file ..\STARTUP\startup_GOWIN_M3.s

Interrupt11_Handler 0000001A

Symbol: Interrupt11_Handler
   Definitions
      At line 251 in file ..\STARTUP\startup_GOWIN_M3.s
   Uses
      At line 86 in file ..\STARTUP\startup_GOWIN_M3.s
      At line 201 in file ..\STARTUP\startup_GOWIN_M3.s

Interrupt12_Handler 0000001A

Symbol: Interrupt12_Handler
   Definitions



ARM Macro Assembler    Page 5 Alphabetic symbol ordering
Relocatable symbols

      At line 252 in file ..\STARTUP\startup_GOWIN_M3.s
   Uses
      At line 87 in file ..\STARTUP\startup_GOWIN_M3.s
      At line 202 in file ..\STARTUP\startup_GOWIN_M3.s

Interrupt13_Handler 0000001A

Symbol: Interrupt13_Handler
   Definitions
      At line 253 in file ..\STARTUP\startup_GOWIN_M3.s
   Uses
      At line 88 in file ..\STARTUP\startup_GOWIN_M3.s
      At line 203 in file ..\STARTUP\startup_GOWIN_M3.s

Interrupt14_Handler 0000001A

Symbol: Interrupt14_Handler
   Definitions
      At line 254 in file ..\STARTUP\startup_GOWIN_M3.s
   Uses
      At line 89 in file ..\STARTUP\startup_GOWIN_M3.s
      At line 204 in file ..\STARTUP\startup_GOWIN_M3.s

Interrupt15_Handler 0000001A

Symbol: Interrupt15_Handler
   Definitions
      At line 255 in file ..\STARTUP\startup_GOWIN_M3.s
   Uses
      At line 90 in file ..\STARTUP\startup_GOWIN_M3.s
      At line 205 in file ..\STARTUP\startup_GOWIN_M3.s

Interrupt8_Handler 0000001A

Symbol: Interrupt8_Handler
   Definitions
      At line 248 in file ..\STARTUP\startup_GOWIN_M3.s
   Uses
      At line 83 in file ..\STARTUP\startup_GOWIN_M3.s
      At line 198 in file ..\STARTUP\startup_GOWIN_M3.s

MemManage_Handler 0000000C

Symbol: MemManage_Handler
   Definitions
      At line 155 in file ..\STARTUP\startup_GOWIN_M3.s
   Uses
      At line 61 in file ..\STARTUP\startup_GOWIN_M3.s
      At line 156 in file ..\STARTUP\startup_GOWIN_M3.s

NMI_Handler 00000008

Symbol: NMI_Handler
   Definitions
      At line 145 in file ..\STARTUP\startup_GOWIN_M3.s
   Uses
      At line 59 in file ..\STARTUP\startup_GOWIN_M3.s
      At line 146 in file ..\STARTUP\startup_GOWIN_M3.s




ARM Macro Assembler    Page 6 Alphabetic symbol ordering
Relocatable symbols

PendSV_Handler 00000016

Symbol: PendSV_Handler
   Definitions
      At line 179 in file ..\STARTUP\startup_GOWIN_M3.s
   Uses
      At line 71 in file ..\STARTUP\startup_GOWIN_M3.s
      At line 180 in file ..\STARTUP\startup_GOWIN_M3.s

RTC_Handler 0000001A

Symbol: RTC_Handler
   Definitions
      At line 246 in file ..\STARTUP\startup_GOWIN_M3.s
   Uses
      At line 81 in file ..\STARTUP\startup_GOWIN_M3.s
      At line 196 in file ..\STARTUP\startup_GOWIN_M3.s

Reset_Handler 00000000

Symbol: Reset_Handler
   Definitions
      At line 132 in file ..\STARTUP\startup_GOWIN_M3.s
   Uses
      At line 58 in file ..\STARTUP\startup_GOWIN_M3.s
      At line 133 in file ..\STARTUP\startup_GOWIN_M3.s

SVC_Handler 00000012

Symbol: SVC_Handler
   Definitions
      At line 169 in file ..\STARTUP\startup_GOWIN_M3.s
   Uses
      At line 68 in file ..\STARTUP\startup_GOWIN_M3.s
      At line 170 in file ..\STARTUP\startup_GOWIN_M3.s

SysTick_Handler 00000018

Symbol: SysTick_Handler
   Definitions
      At line 184 in file ..\STARTUP\startup_GOWIN_M3.s
   Uses
      At line 72 in file ..\STARTUP\startup_GOWIN_M3.s
      At line 185 in file ..\STARTUP\startup_GOWIN_M3.s

TIMER0_Handler 0000001A

Symbol: TIMER0_Handler
   Definitions
      At line 242 in file ..\STARTUP\startup_GOWIN_M3.s
   Uses
      At line 77 in file ..\STARTUP\startup_GOWIN_M3.s
      At line 192 in file ..\STARTUP\startup_GOWIN_M3.s

TIMER1_Handler 0000001A

Symbol: TIMER1_Handler
   Definitions
      At line 243 in file ..\STARTUP\startup_GOWIN_M3.s



ARM Macro Assembler    Page 7 Alphabetic symbol ordering
Relocatable symbols

   Uses
      At line 78 in file ..\STARTUP\startup_GOWIN_M3.s
      At line 193 in file ..\STARTUP\startup_GOWIN_M3.s

UART0_Handler 0000001A

Symbol: UART0_Handler
   Definitions
      At line 240 in file ..\STARTUP\startup_GOWIN_M3.s
   Uses
      At line 75 in file ..\STARTUP\startup_GOWIN_M3.s
      At line 190 in file ..\STARTUP\startup_GOWIN_M3.s

UART1_Handler 0000001A

Symbol: UART1_Handler
   Definitions
      At line 241 in file ..\STARTUP\startup_GOWIN_M3.s
   Uses
      At line 76 in file ..\STARTUP\startup_GOWIN_M3.s
      At line 191 in file ..\STARTUP\startup_GOWIN_M3.s

UARTOVF_Handler 0000001A

Symbol: UARTOVF_Handler
   Definitions
      At line 245 in file ..\STARTUP\startup_GOWIN_M3.s
   Uses
      At line 80 in file ..\STARTUP\startup_GOWIN_M3.s
      At line 195 in file ..\STARTUP\startup_GOWIN_M3.s

USER_INT0_Handler 0000001A

Symbol: USER_INT0_Handler
   Definitions
      At line 272 in file ..\STARTUP\startup_GOWIN_M3.s
   Uses
      At line 107 in file ..\STARTUP\startup_GOWIN_M3.s
      At line 222 in file ..\STARTUP\startup_GOWIN_M3.s

USER_INT10_Handler 0000001A

Symbol: USER_INT10_Handler
   Definitions
      At line 282 in file ..\STARTUP\startup_GOWIN_M3.s
   Uses
      At line 117 in file ..\STARTUP\startup_GOWIN_M3.s
      At line 232 in file ..\STARTUP\startup_GOWIN_M3.s

USER_INT11_Handler 0000001A

Symbol: USER_INT11_Handler
   Definitions
      At line 283 in file ..\STARTUP\startup_GOWIN_M3.s
   Uses
      At line 118 in file ..\STARTUP\startup_GOWIN_M3.s
      At line 233 in file ..\STARTUP\startup_GOWIN_M3.s

USER_INT12_Handler 0000001A



ARM Macro Assembler    Page 8 Alphabetic symbol ordering
Relocatable symbols


Symbol: USER_INT12_Handler
   Definitions
      At line 284 in file ..\STARTUP\startup_GOWIN_M3.s
   Uses
      At line 119 in file ..\STARTUP\startup_GOWIN_M3.s
      At line 234 in file ..\STARTUP\startup_GOWIN_M3.s

USER_INT13_Handler 0000001A

Symbol: USER_INT13_Handler
   Definitions
      At line 285 in file ..\STARTUP\startup_GOWIN_M3.s
   Uses
      At line 120 in file ..\STARTUP\startup_GOWIN_M3.s
      At line 235 in file ..\STARTUP\startup_GOWIN_M3.s

USER_INT14_Handler 0000001A

Symbol: USER_INT14_Handler
   Definitions
      At line 286 in file ..\STARTUP\startup_GOWIN_M3.s
   Uses
      At line 121 in file ..\STARTUP\startup_GOWIN_M3.s
      At line 236 in file ..\STARTUP\startup_GOWIN_M3.s

USER_INT15_Handler 0000001A

Symbol: USER_INT15_Handler
   Definitions
      At line 287 in file ..\STARTUP\startup_GOWIN_M3.s
   Uses
      At line 122 in file ..\STARTUP\startup_GOWIN_M3.s
      At line 237 in file ..\STARTUP\startup_GOWIN_M3.s

USER_INT1_Handler 0000001A

Symbol: USER_INT1_Handler
   Definitions
      At line 273 in file ..\STARTUP\startup_GOWIN_M3.s
   Uses
      At line 108 in file ..\STARTUP\startup_GOWIN_M3.s
      At line 223 in file ..\STARTUP\startup_GOWIN_M3.s

USER_INT2_Handler 0000001A

Symbol: USER_INT2_Handler
   Definitions
      At line 274 in file ..\STARTUP\startup_GOWIN_M3.s
   Uses
      At line 109 in file ..\STARTUP\startup_GOWIN_M3.s
      At line 224 in file ..\STARTUP\startup_GOWIN_M3.s

USER_INT3_Handler 0000001A

Symbol: USER_INT3_Handler
   Definitions
      At line 275 in file ..\STARTUP\startup_GOWIN_M3.s
   Uses



ARM Macro Assembler    Page 9 Alphabetic symbol ordering
Relocatable symbols

      At line 110 in file ..\STARTUP\startup_GOWIN_M3.s
      At line 225 in file ..\STARTUP\startup_GOWIN_M3.s

USER_INT4_Handler 0000001A

Symbol: USER_INT4_Handler
   Definitions
      At line 276 in file ..\STARTUP\startup_GOWIN_M3.s
   Uses
      At line 111 in file ..\STARTUP\startup_GOWIN_M3.s
      At line 226 in file ..\STARTUP\startup_GOWIN_M3.s

USER_INT5_Handler 0000001A

Symbol: USER_INT5_Handler
   Definitions
      At line 277 in file ..\STARTUP\startup_GOWIN_M3.s
   Uses
      At line 112 in file ..\STARTUP\startup_GOWIN_M3.s
      At line 227 in file ..\STARTUP\startup_GOWIN_M3.s

USER_INT6_Handler 0000001A

Symbol: USER_INT6_Handler
   Definitions
      At line 278 in file ..\STARTUP\startup_GOWIN_M3.s
   Uses
      At line 113 in file ..\STARTUP\startup_GOWIN_M3.s
      At line 228 in file ..\STARTUP\startup_GOWIN_M3.s

USER_INT7_Handler 0000001A

Symbol: USER_INT7_Handler
   Definitions
      At line 279 in file ..\STARTUP\startup_GOWIN_M3.s
   Uses
      At line 114 in file ..\STARTUP\startup_GOWIN_M3.s
      At line 229 in file ..\STARTUP\startup_GOWIN_M3.s

USER_INT8_Handler 0000001A

Symbol: USER_INT8_Handler
   Definitions
      At line 280 in file ..\STARTUP\startup_GOWIN_M3.s
   Uses
      At line 115 in file ..\STARTUP\startup_GOWIN_M3.s
      At line 230 in file ..\STARTUP\startup_GOWIN_M3.s

USER_INT9_Handler 0000001A

Symbol: USER_INT9_Handler
   Definitions
      At line 281 in file ..\STARTUP\startup_GOWIN_M3.s
   Uses
      At line 116 in file ..\STARTUP\startup_GOWIN_M3.s
      At line 231 in file ..\STARTUP\startup_GOWIN_M3.s

UsageFault_Handler 00000010




ARM Macro Assembler    Page 10 Alphabetic symbol ordering
Relocatable symbols

Symbol: UsageFault_Handler
   Definitions
      At line 165 in file ..\STARTUP\startup_GOWIN_M3.s
   Uses
      At line 63 in file ..\STARTUP\startup_GOWIN_M3.s
      At line 166 in file ..\STARTUP\startup_GOWIN_M3.s

__user_initial_stackheap 0000001C

Symbol: __user_initial_stackheap
   Definitions
      At line 310 in file ..\STARTUP\startup_GOWIN_M3.s
   Uses
      At line 308 in file ..\STARTUP\startup_GOWIN_M3.s
Comment: __user_initial_stackheap used once
61 symbols



ARM Macro Assembler    Page 1 Alphabetic symbol ordering
Absolute symbols

Heap_Size 00001000

Symbol: Heap_Size
   Definitions
      At line 38 in file ..\STARTUP\startup_GOWIN_M3.s
   Uses
      At line 42 in file ..\STARTUP\startup_GOWIN_M3.s
      At line 313 in file ..\STARTUP\startup_GOWIN_M3.s

Stack_Size 00001000

Symbol: Stack_Size
   Definitions
      At line 27 in file ..\STARTUP\startup_GOWIN_M3.s
   Uses
      At line 30 in file ..\STARTUP\startup_GOWIN_M3.s
      At line 312 in file ..\STARTUP\startup_GOWIN_M3.s

__Vectors_Size 00000100

Symbol: __Vectors_Size
   Definitions
      At line 125 in file ..\STARTUP\startup_GOWIN_M3.s
   Uses
      At line 55 in file ..\STARTUP\startup_GOWIN_M3.s
Comment: __Vectors_Size used once
3 symbols



ARM Macro Assembler    Page 1 Alphabetic symbol ordering
External symbols

SystemInit 00000000

Symbol: SystemInit
   Definitions
      At line 134 in file ..\STARTUP\startup_GOWIN_M3.s
   Uses
      At line 136 in file ..\STARTUP\startup_GOWIN_M3.s
Comment: SystemInit used once
__main 00000000

Symbol: __main
   Definitions
      At line 135 in file ..\STARTUP\startup_GOWIN_M3.s
   Uses
      At line 138 in file ..\STARTUP\startup_GOWIN_M3.s
Comment: __main used once
__use_two_region_memory 00000000

Symbol: __use_two_region_memory
   Definitions
      At line 307 in file ..\STARTUP\startup_GOWIN_M3.s
   Uses
      None
Comment: __use_two_region_memory unused
3 symbols
413 symbols in table
